2021-05-10 21:54:27,409:INFO:PyCaret Supervised Module
2021-05-10 21:54:27,410:INFO:ML Usecase: classification
2021-05-10 21:54:27,411:INFO:version 2.3.1
2021-05-10 21:54:27,411:INFO:Initializing setup()
2021-05-10 21:54:27,412:INFO:setup(target=Survived, ml_usecase=classification, available_plots={'parameter': 'Hyperparameters', 'auc': 'AUC', 'confusion_matrix': 'Confusion Matrix', 'threshold': 'Threshold', 'pr': 'Precision Recall', 'error': 'Prediction Error', 'class_report': 'Class Report', 'rfe': 'Feature Selection', 'learning': 'Learning Curve', 'manifold': 'Manifold Learning', 'calibration': 'Calibration Curve', 'vc': 'Validation Curve', 'dimension': 'Dimensions', 'feature': 'Feature Importance', 'feature_all': 'Feature Importance (All)', 'boundary': 'Decision Boundary', 'lift': 'Lift Chart', 'gain': 'Gain Chart', 'tree': 'Decision Tree'}, train_size=0.7, test_data=None, preprocess=True, imputation_type=simple, iterative_imputation_iters=5, categorical_features=None, categorical_imputation=constant, categorical_iterative_imputer=lightgbm, ordinal_features=None, high_cardinality_features=None, high_cardinality_method=frequency, numeric_features=None, numeric_imputation=median, numeric_iterative_imputer=lightgbm, date_features=None, ignore_features=None, normalize=False, normalize_method=zscore, transformation=False, transformation_method=yeo-johnson, handle_unknown_categorical=True, unknown_categorical_method=least_frequent, pca=False, pca_method=linear, pca_components=None, ignore_low_variance=False, combine_rare_levels=False, rare_level_threshold=0.1, bin_numeric_features=None, remove_outliers=False, outliers_threshold=0.05, remove_multicollinearity=False, multicollinearity_threshold=0.9, remove_perfect_collinearity=True, create_clusters=False, cluster_iter=20, polynomial_features=False, polynomial_degree=2, trigonometry_features=False, polynomial_threshold=0.1, group_features=None, group_names=None, feature_selection=False, feature_selection_threshold=0.8, feature_selection_method=classic, feature_interaction=False, feature_ratio=False, interaction_threshold=0.01, fix_imbalance=False, fix_imbalance_method=None, transform_target=False, transform_target_method=box-cox, data_split_shuffle=True, data_split_stratify=False, fold_strategy=stratifiedkfold, fold=5, fold_shuffle=False, fold_groups=None, n_jobs=-1, use_gpu=False, custom_pipeline=None, html=True, session_id=None, log_experiment=False, experiment_name=None, log_plots=False, log_profile=False, log_data=False, silent=True, verbose=True, profile=False, profile_kwargs=None, display=None)
2021-05-10 21:54:27,413:INFO:Checking environment
2021-05-10 21:54:27,413:INFO:python_version: 3.7.4
2021-05-10 21:54:27,414:INFO:python_build: ('default', 'Aug 13 2019 20:35:49')
2021-05-10 21:54:27,414:INFO:machine: x86_64
2021-05-10 21:54:27,416:INFO:platform: Linux-5.4.72-microsoft-standard-WSL2-x86_64-with-debian-stretch-sid
2021-05-10 21:54:27,417:INFO:Memory: svmem(total=13334687744, available=11464466432, percent=14.0, used=1136349184, free=6476292096, active=1653710848, inactive=4745334784, buffers=172548096, cached=5549498368, shared=420753408, slab=376328192)
2021-05-10 21:54:27,419:INFO:Physical Core: 4
2021-05-10 21:54:27,420:INFO:Logical Core: 8
2021-05-10 21:54:27,420:INFO:Checking libraries
2021-05-10 21:54:27,421:INFO:pd==1.2.3
2021-05-10 21:54:27,421:INFO:numpy==1.19.5
2021-05-10 21:54:27,421:INFO:sklearn==0.23.2
2021-05-10 21:54:27,422:INFO:lightgbm==2.3.1
2021-05-10 21:54:27,424:WARNING:catboost not found
2021-05-10 21:54:28,109:INFO:xgboost==1.0.2
2021-05-10 21:54:28,543:INFO:mlflow==1.17.0
2021-05-10 21:54:28,545:INFO:Checking Exceptions
2021-05-10 21:54:28,545:INFO:Declaring global variables
2021-05-10 21:54:28,545:INFO:USI: 5359
2021-05-10 21:54:28,546:INFO:pycaret_globals: {'prep_pipe', 'iterative_imputation_iters_param', 'log_plots_param', 'fold_generator', 'stratify_param', 'seed', 'X_test', 'fold_groups_param', 'fold_groups_param_full', 'USI', 'y', 'master_model_container', 'exp_name_log', 'pycaret_globals', '_all_models', 'fix_imbalance_param', 'data_before_preprocess', 'create_model_container', 'fold_shuffle_param', 'display_container', '_available_plots', '_ml_usecase', '_all_models_internal', 'html_param', 'imputation_regressor', 'logging_param', '_gpu_n_jobs_param', 'X_train', 'target_param', '_all_metrics', 'y_train', 'transform_target_method_param', '_internal_pipeline', 'X', 'transform_target_param', 'fold_param', 'y_test', 'imputation_classifier', 'fix_imbalance_method_param', 'gpu_param', 'experiment__', 'n_jobs_param'}
2021-05-10 21:54:28,546:INFO:Preparing display monitor
2021-05-10 21:54:28,547:INFO:Preparing display monitor
2021-05-10 21:54:28,566:INFO:Importing libraries
2021-05-10 21:54:28,566:INFO:Copying data for preprocessing
2021-05-10 21:54:28,582:INFO:Declaring preprocessing parameters
2021-05-10 21:54:28,585:INFO:Creating preprocessing pipeline
2021-05-10 21:54:28,598:INFO:Preprocessing pipeline created successfully
2021-05-10 21:54:28,598:ERROR:(Process Exit): setup has been interupted with user command 'quit'. setup must rerun.
2021-05-10 21:54:28,599:INFO:Creating global containers
2021-05-10 21:54:28,600:INFO:Internal pipeline: Pipeline(memory=None, steps=[('empty_step', 'passthrough')], verbose=False)
2021-05-10 21:54:29,060:WARNING:Wrong xgboost version. Expected xgboost>=1.1.0, got xgboost==(1, 0, 2)
2021-05-10 21:54:29,062:WARNING:Couldn't import catboost.CatBoostClassifier
2021-05-10 21:54:29,172:WARNING:Wrong xgboost version. Expected xgboost>=1.1.0, got xgboost==(1, 0, 2)
2021-05-10 21:54:29,174:WARNING:Couldn't import catboost.CatBoostClassifier
2021-05-10 21:54:29,175:INFO:Creating grid variables
2021-05-10 21:54:29,198:INFO:create_model_container: 0
2021-05-10 21:54:29,199:INFO:master_model_container: 0
2021-05-10 21:54:29,199:INFO:display_container: 1
2021-05-10 21:54:29,206:INFO:Pipeline(memory=None,
         steps=[('dtypes',
                 DataTypes_Auto_infer(categorical_features=[],
                                      display_types=False, features_todrop=[],
                                      id_columns=[],
                                      ml_usecase='classification',
                                      numerical_features=[], target='Survived',
                                      time_features=[])),
                ('imputer',
                 Simple_Imputer(categorical_strategy='not_available',
                                fill_value_categorical=None,
                                fill_value_numerical=None,
                                numeric_st...
                ('scaling', 'passthrough'), ('P_transform', 'passthrough'),
                ('binn', 'passthrough'), ('rem_outliers', 'passthrough'),
                ('cluster_all', 'passthrough'),
                ('dummy', Dummify(target='Survived')),
                ('fix_perfect', Remove_100(target='Survived')),
                ('clean_names', Clean_Colum_Names()),
                ('feature_select', 'passthrough'), ('fix_multi', 'passthrough'),
                ('dfs', 'passthrough'), ('pca', 'passthrough')],
         verbose=False)
2021-05-10 21:54:29,206:INFO:setup() succesfully completed......................................
2021-05-10 21:56:49,795:INFO:Initializing compare_models()
2021-05-10 21:56:49,795:INFO:compare_models(include=None, fold=None, round=4, cross_validation=True, sort=Accuracy, n_select=3, budget_time=None, turbo=True, errors=ignore, fit_kwargs=None, groups=None, verbose=True, display=None, exclude=None)
2021-05-10 21:56:49,795:INFO:Checking exceptions
2021-05-10 21:56:49,797:INFO:Preparing display monitor
2021-05-10 21:56:49,797:INFO:Preparing display monitor
2021-05-10 21:56:49,842:INFO:Initializing Logistic Regression
2021-05-10 21:56:49,843:INFO:Total runtime is 9.01619593302409e-06 minutes
2021-05-10 21:56:49,854:INFO:SubProcess create_model() called ==================================
2021-05-10 21:56:49,855:INFO:Initializing create_model()
2021-05-10 21:56:49,855:INFO:create_model(estimator=lr, fold=StratifiedKFold(n_splits=5, random_state=None, shuffle=False), round=4, cross_validation=True, predict=True, fit_kwargs={}, groups=None, refit=False, verbose=False, system=False, metrics=None, display=<pycaret.internal.Display.Display object at 0x7fd56fd4fed0>, kwargs={})
2021-05-10 21:56:49,856:INFO:Checking exceptions
2021-05-10 21:56:49,856:INFO:Importing libraries
2021-05-10 21:56:49,856:INFO:Copying training dataset
2021-05-10 21:56:49,858:INFO:Defining folds
2021-05-10 21:56:49,858:INFO:Declaring metric variables
2021-05-10 21:56:49,869:INFO:Importing untrained model
2021-05-10 21:56:49,879:INFO:Logistic Regression Imported succesfully
2021-05-10 21:56:49,901:INFO:Starting cross validation
2021-05-10 21:56:49,902:INFO:Cross validating with StratifiedKFold(n_splits=5, random_state=None, shuffle=False), n_jobs=-1
2021-05-10 21:56:52,731:INFO:Calculating mean and std
2021-05-10 21:56:52,733:INFO:Creating metrics dataframe
2021-05-10 21:56:52,746:INFO:Uploading results into container
2021-05-10 21:56:52,746:INFO:Uploading model into container now
2021-05-10 21:56:52,750:INFO:create_model_container: 1
2021-05-10 21:56:52,752:INFO:master_model_container: 1
2021-05-10 21:56:52,752:INFO:display_container: 2
2021-05-10 21:56:52,754:INFO:LogisticRegression(C=1.0, class_weight=None, dual=False, fit_intercept=True,
                   intercept_scaling=1, l1_ratio=None, max_iter=1000,
                   multi_class='auto', n_jobs=None, penalty='l2',
                   random_state=4673, solver='lbfgs', tol=0.0001, verbose=0,
                   warm_start=False)
2021-05-10 21:56:52,755:INFO:create_model() succesfully completed......................................
2021-05-10 21:56:52,864:INFO:SubProcess create_model() end ==================================
2021-05-10 21:56:52,865:INFO:Creating metrics dataframe
2021-05-10 21:56:52,887:INFO:Initializing K Neighbors Classifier
2021-05-10 21:56:52,888:INFO:Total runtime is 0.05076138575871786 minutes
2021-05-10 21:56:52,901:INFO:SubProcess create_model() called ==================================
2021-05-10 21:56:52,902:INFO:Initializing create_model()
2021-05-10 21:56:52,903:INFO:create_model(estimator=knn, fold=StratifiedKFold(n_splits=5, random_state=None, shuffle=False), round=4, cross_validation=True, predict=True, fit_kwargs={}, groups=None, refit=False, verbose=False, system=False, metrics=None, display=<pycaret.internal.Display.Display object at 0x7fd56fd4fed0>, kwargs={})
2021-05-10 21:56:52,903:INFO:Checking exceptions
2021-05-10 21:56:52,903:INFO:Importing libraries
2021-05-10 21:56:52,904:INFO:Copying training dataset
2021-05-10 21:56:52,905:INFO:Defining folds
2021-05-10 21:56:52,906:INFO:Declaring metric variables
2021-05-10 21:56:52,922:INFO:Importing untrained model
2021-05-10 21:56:52,935:INFO:K Neighbors Classifier Imported succesfully
2021-05-10 21:56:52,960:INFO:Starting cross validation
2021-05-10 21:56:52,961:INFO:Cross validating with StratifiedKFold(n_splits=5, random_state=None, shuffle=False), n_jobs=-1
2021-05-10 21:56:55,020:INFO:Calculating mean and std
2021-05-10 21:56:55,025:INFO:Creating metrics dataframe
2021-05-10 21:56:55,042:INFO:Uploading results into container
2021-05-10 21:56:55,043:INFO:Uploading model into container now
2021-05-10 21:56:55,043:INFO:create_model_container: 2
2021-05-10 21:56:55,044:INFO:master_model_container: 2
2021-05-10 21:56:55,044:INFO:display_container: 2
2021-05-10 21:56:55,046:INFO:KNeighborsClassifier(algorithm='auto', leaf_size=30, metric='minkowski',
                     metric_params=None, n_jobs=-1, n_neighbors=5, p=2,
                     weights='uniform')
2021-05-10 21:56:55,046:INFO:create_model() succesfully completed......................................
2021-05-10 21:56:55,140:INFO:SubProcess create_model() end ==================================
2021-05-10 21:56:55,141:INFO:Creating metrics dataframe
2021-05-10 21:56:55,172:INFO:Initializing Naive Bayes
2021-05-10 21:56:55,172:INFO:Total runtime is 0.08883395592371623 minutes
2021-05-10 21:56:55,187:INFO:SubProcess create_model() called ==================================
2021-05-10 21:56:55,188:INFO:Initializing create_model()
2021-05-10 21:56:55,188:INFO:create_model(estimator=nb, fold=StratifiedKFold(n_splits=5, random_state=None, shuffle=False), round=4, cross_validation=True, predict=True, fit_kwargs={}, groups=None, refit=False, verbose=False, system=False, metrics=None, display=<pycaret.internal.Display.Display object at 0x7fd56fd4fed0>, kwargs={})
2021-05-10 21:56:55,189:INFO:Checking exceptions
2021-05-10 21:56:55,189:INFO:Importing libraries
2021-05-10 21:56:55,189:INFO:Copying training dataset
2021-05-10 21:56:55,191:INFO:Defining folds
2021-05-10 21:56:55,191:INFO:Declaring metric variables
2021-05-10 21:56:55,202:INFO:Importing untrained model
2021-05-10 21:56:55,213:INFO:Naive Bayes Imported succesfully
2021-05-10 21:56:55,234:INFO:Starting cross validation
2021-05-10 21:56:55,235:INFO:Cross validating with StratifiedKFold(n_splits=5, random_state=None, shuffle=False), n_jobs=-1
2021-05-10 21:56:55,282:INFO:Calculating mean and std
2021-05-10 21:56:55,284:INFO:Creating metrics dataframe
2021-05-10 21:56:55,291:INFO:Uploading results into container
2021-05-10 21:56:55,292:INFO:Uploading model into container now
2021-05-10 21:56:55,292:INFO:create_model_container: 3
2021-05-10 21:56:55,293:INFO:master_model_container: 3
2021-05-10 21:56:55,293:INFO:display_container: 2
2021-05-10 21:56:55,294:INFO:GaussianNB(priors=None, var_smoothing=1e-09)
2021-05-10 21:56:55,294:INFO:create_model() succesfully completed......................................
2021-05-10 21:56:55,365:INFO:SubProcess create_model() end ==================================
2021-05-10 21:56:55,366:INFO:Creating metrics dataframe
2021-05-10 21:56:55,389:INFO:Initializing Decision Tree Classifier
2021-05-10 21:56:55,390:INFO:Total runtime is 0.09245996475219727 minutes
2021-05-10 21:56:55,403:INFO:SubProcess create_model() called ==================================
2021-05-10 21:56:55,404:INFO:Initializing create_model()
2021-05-10 21:56:55,405:INFO:create_model(estimator=dt, fold=StratifiedKFold(n_splits=5, random_state=None, shuffle=False), round=4, cross_validation=True, predict=True, fit_kwargs={}, groups=None, refit=False, verbose=False, system=False, metrics=None, display=<pycaret.internal.Display.Display object at 0x7fd56fd4fed0>, kwargs={})
2021-05-10 21:56:55,405:INFO:Checking exceptions
2021-05-10 21:56:55,405:INFO:Importing libraries
2021-05-10 21:56:55,406:INFO:Copying training dataset
2021-05-10 21:56:55,407:INFO:Defining folds
2021-05-10 21:56:55,408:INFO:Declaring metric variables
2021-05-10 21:56:55,418:INFO:Importing untrained model
2021-05-10 21:56:55,430:INFO:Decision Tree Classifier Imported succesfully
2021-05-10 21:56:55,453:INFO:Starting cross validation
2021-05-10 21:56:55,454:INFO:Cross validating with StratifiedKFold(n_splits=5, random_state=None, shuffle=False), n_jobs=-1
2021-05-10 21:56:55,501:INFO:Calculating mean and std
2021-05-10 21:56:55,503:INFO:Creating metrics dataframe
2021-05-10 21:56:55,510:INFO:Uploading results into container
2021-05-10 21:56:55,511:INFO:Uploading model into container now
2021-05-10 21:56:55,511:INFO:create_model_container: 4
2021-05-10 21:56:55,511:INFO:master_model_container: 4
2021-05-10 21:56:55,512:INFO:display_container: 2
2021-05-10 21:56:55,513:INFO:DecisionTreeClassifier(ccp_alpha=0.0, class_weight=None, criterion='gini',
                       max_depth=None, max_features=None, max_leaf_nodes=None,
                       min_impurity_decrease=0.0, min_impurity_split=None,
                       min_samples_leaf=1, min_samples_split=2,
                       min_weight_fraction_leaf=0.0, presort='deprecated',
                       random_state=4673, splitter='best')
2021-05-10 21:56:55,513:INFO:create_model() succesfully completed......................................
2021-05-10 21:56:55,583:INFO:SubProcess create_model() end ==================================
2021-05-10 21:56:55,583:INFO:Creating metrics dataframe
2021-05-10 21:56:55,610:INFO:Initializing SVM - Linear Kernel
2021-05-10 21:56:55,610:INFO:Total runtime is 0.09613866408665975 minutes
2021-05-10 21:56:55,624:INFO:SubProcess create_model() called ==================================
2021-05-10 21:56:55,624:INFO:Initializing create_model()
2021-05-10 21:56:55,625:INFO:create_model(estimator=svm, fold=StratifiedKFold(n_splits=5, random_state=None, shuffle=False), round=4, cross_validation=True, predict=True, fit_kwargs={}, groups=None, refit=False, verbose=False, system=False, metrics=None, display=<pycaret.internal.Display.Display object at 0x7fd56fd4fed0>, kwargs={})
2021-05-10 21:56:55,625:INFO:Checking exceptions
2021-05-10 21:56:55,626:INFO:Importing libraries
2021-05-10 21:56:55,626:INFO:Copying training dataset
2021-05-10 21:56:55,628:INFO:Defining folds
2021-05-10 21:56:55,628:INFO:Declaring metric variables
2021-05-10 21:56:55,639:INFO:Importing untrained model
2021-05-10 21:56:55,654:INFO:SVM - Linear Kernel Imported succesfully
2021-05-10 21:56:55,676:INFO:Starting cross validation
2021-05-10 21:56:55,677:INFO:Cross validating with StratifiedKFold(n_splits=5, random_state=None, shuffle=False), n_jobs=-1
2021-05-10 21:56:55,726:INFO:Calculating mean and std
2021-05-10 21:56:55,727:INFO:Creating metrics dataframe
2021-05-10 21:56:55,734:INFO:Uploading results into container
2021-05-10 21:56:55,734:INFO:Uploading model into container now
2021-05-10 21:56:55,734:INFO:create_model_container: 5
2021-05-10 21:56:55,735:INFO:master_model_container: 5
2021-05-10 21:56:55,735:INFO:display_container: 2
2021-05-10 21:56:55,736:INFO:SGDClassifier(alpha=0.0001, average=False, class_weight=None,
              early_stopping=False, epsilon=0.1, eta0=0.001, fit_intercept=True,
              l1_ratio=0.15, learning_rate='optimal', loss='hinge',
              max_iter=1000, n_iter_no_change=5, n_jobs=-1, penalty='l2',
              power_t=0.5, random_state=4673, shuffle=True, tol=0.001,
              validation_fraction=0.1, verbose=0, warm_start=False)
2021-05-10 21:56:55,737:INFO:create_model() succesfully completed......................................
2021-05-10 21:56:55,806:INFO:SubProcess create_model() end ==================================
2021-05-10 21:56:55,806:INFO:Creating metrics dataframe
2021-05-10 21:56:55,833:INFO:Initializing Ridge Classifier
2021-05-10 21:56:55,834:INFO:Total runtime is 0.09985986153284708 minutes
2021-05-10 21:56:55,851:INFO:SubProcess create_model() called ==================================
2021-05-10 21:56:55,852:INFO:Initializing create_model()
2021-05-10 21:56:55,852:INFO:create_model(estimator=ridge, fold=StratifiedKFold(n_splits=5, random_state=None, shuffle=False), round=4, cross_validation=True, predict=True, fit_kwargs={}, groups=None, refit=False, verbose=False, system=False, metrics=None, display=<pycaret.internal.Display.Display object at 0x7fd56fd4fed0>, kwargs={})
2021-05-10 21:56:55,852:INFO:Checking exceptions
2021-05-10 21:56:55,853:INFO:Importing libraries
2021-05-10 21:56:55,853:INFO:Copying training dataset
2021-05-10 21:56:55,855:INFO:Defining folds
2021-05-10 21:56:55,855:INFO:Declaring metric variables
2021-05-10 21:56:55,866:INFO:Importing untrained model
2021-05-10 21:56:55,877:INFO:Ridge Classifier Imported succesfully
2021-05-10 21:56:55,904:INFO:Starting cross validation
2021-05-10 21:56:55,905:INFO:Cross validating with StratifiedKFold(n_splits=5, random_state=None, shuffle=False), n_jobs=-1
2021-05-10 21:56:55,948:INFO:Calculating mean and std
2021-05-10 21:56:55,950:INFO:Creating metrics dataframe
2021-05-10 21:56:55,956:INFO:Uploading results into container
2021-05-10 21:56:55,956:INFO:Uploading model into container now
2021-05-10 21:56:55,957:INFO:create_model_container: 6
2021-05-10 21:56:55,957:INFO:master_model_container: 6
2021-05-10 21:56:55,958:INFO:display_container: 2
2021-05-10 21:56:55,958:INFO:RidgeClassifier(alpha=1.0, class_weight=None, copy_X=True, fit_intercept=True,
                max_iter=None, normalize=False, random_state=4673,
                solver='auto', tol=0.001)
2021-05-10 21:56:55,959:INFO:create_model() succesfully completed......................................
2021-05-10 21:56:56,030:INFO:SubProcess create_model() end ==================================
2021-05-10 21:56:56,031:INFO:Creating metrics dataframe
2021-05-10 21:56:56,060:INFO:Initializing Random Forest Classifier
2021-05-10 21:56:56,061:INFO:Total runtime is 0.10364555517832437 minutes
2021-05-10 21:56:56,073:INFO:SubProcess create_model() called ==================================
2021-05-10 21:56:56,074:INFO:Initializing create_model()
2021-05-10 21:56:56,074:INFO:create_model(estimator=rf, fold=StratifiedKFold(n_splits=5, random_state=None, shuffle=False), round=4, cross_validation=True, predict=True, fit_kwargs={}, groups=None, refit=False, verbose=False, system=False, metrics=None, display=<pycaret.internal.Display.Display object at 0x7fd56fd4fed0>, kwargs={})
2021-05-10 21:56:56,075:INFO:Checking exceptions
2021-05-10 21:56:56,075:INFO:Importing libraries
2021-05-10 21:56:56,075:INFO:Copying training dataset
2021-05-10 21:56:56,077:INFO:Defining folds
2021-05-10 21:56:56,078:INFO:Declaring metric variables
2021-05-10 21:56:56,090:INFO:Importing untrained model
2021-05-10 21:56:56,104:INFO:Random Forest Classifier Imported succesfully
2021-05-10 21:56:56,131:INFO:Starting cross validation
2021-05-10 21:56:56,132:INFO:Cross validating with StratifiedKFold(n_splits=5, random_state=None, shuffle=False), n_jobs=-1
2021-05-10 21:56:57,361:INFO:Calculating mean and std
2021-05-10 21:56:57,363:INFO:Creating metrics dataframe
2021-05-10 21:56:57,372:INFO:Uploading results into container
2021-05-10 21:56:57,373:INFO:Uploading model into container now
2021-05-10 21:56:57,373:INFO:create_model_container: 7
2021-05-10 21:56:57,373:INFO:master_model_container: 7
2021-05-10 21:56:57,374:INFO:display_container: 2
2021-05-10 21:56:57,375:INFO:RandomForestClassifier(bootstrap=True, ccp_alpha=0.0, class_weight=None,
                       criterion='gini', max_depth=None, max_features='auto',
                       max_leaf_nodes=None, max_samples=None,
                       min_impurity_decrease=0.0, min_impurity_split=None,
                       min_samples_leaf=1, min_samples_split=2,
                       min_weight_fraction_leaf=0.0, n_estimators=100,
                       n_jobs=-1, oob_score=False, random_state=4673, verbose=0,
                       warm_start=False)
2021-05-10 21:56:57,375:INFO:create_model() succesfully completed......................................
2021-05-10 21:56:57,446:INFO:SubProcess create_model() end ==================================
2021-05-10 21:56:57,447:INFO:Creating metrics dataframe
2021-05-10 21:56:57,481:INFO:Initializing Quadratic Discriminant Analysis
2021-05-10 21:56:57,482:INFO:Total runtime is 0.1273262023925781 minutes
2021-05-10 21:56:57,494:INFO:SubProcess create_model() called ==================================
2021-05-10 21:56:57,494:INFO:Initializing create_model()
2021-05-10 21:56:57,495:INFO:create_model(estimator=qda, fold=StratifiedKFold(n_splits=5, random_state=None, shuffle=False), round=4, cross_validation=True, predict=True, fit_kwargs={}, groups=None, refit=False, verbose=False, system=False, metrics=None, display=<pycaret.internal.Display.Display object at 0x7fd56fd4fed0>, kwargs={})
2021-05-10 21:56:57,495:INFO:Checking exceptions
2021-05-10 21:56:57,495:INFO:Importing libraries
2021-05-10 21:56:57,496:INFO:Copying training dataset
2021-05-10 21:56:57,497:INFO:Defining folds
2021-05-10 21:56:57,498:INFO:Declaring metric variables
2021-05-10 21:56:57,508:INFO:Importing untrained model
2021-05-10 21:56:57,520:INFO:Quadratic Discriminant Analysis Imported succesfully
2021-05-10 21:56:57,546:INFO:Starting cross validation
2021-05-10 21:56:57,547:INFO:Cross validating with StratifiedKFold(n_splits=5, random_state=None, shuffle=False), n_jobs=-1
2021-05-10 21:56:57,610:INFO:Calculating mean and std
2021-05-10 21:56:57,612:INFO:Creating metrics dataframe
2021-05-10 21:56:57,618:INFO:Uploading results into container
2021-05-10 21:56:57,619:INFO:Uploading model into container now
2021-05-10 21:56:57,619:INFO:create_model_container: 8
2021-05-10 21:56:57,619:INFO:master_model_container: 8
2021-05-10 21:56:57,620:INFO:display_container: 2
2021-05-10 21:56:57,621:INFO:QuadraticDiscriminantAnalysis(priors=None, reg_param=0.0,
                              store_covariance=False, tol=0.0001)
2021-05-10 21:56:57,621:INFO:create_model() succesfully completed......................................
2021-05-10 21:56:57,692:INFO:SubProcess create_model() end ==================================
2021-05-10 21:56:57,693:INFO:Creating metrics dataframe
2021-05-10 21:56:57,730:INFO:Initializing Ada Boost Classifier
2021-05-10 21:56:57,730:INFO:Total runtime is 0.1314719279607137 minutes
2021-05-10 21:56:57,745:INFO:SubProcess create_model() called ==================================
2021-05-10 21:56:57,746:INFO:Initializing create_model()
2021-05-10 21:56:57,746:INFO:create_model(estimator=ada, fold=StratifiedKFold(n_splits=5, random_state=None, shuffle=False), round=4, cross_validation=True, predict=True, fit_kwargs={}, groups=None, refit=False, verbose=False, system=False, metrics=None, display=<pycaret.internal.Display.Display object at 0x7fd56fd4fed0>, kwargs={})
2021-05-10 21:56:57,746:INFO:Checking exceptions
2021-05-10 21:56:57,747:INFO:Importing libraries
2021-05-10 21:56:57,747:INFO:Copying training dataset
2021-05-10 21:56:57,748:INFO:Defining folds
2021-05-10 21:56:57,749:INFO:Declaring metric variables
2021-05-10 21:56:57,762:INFO:Importing untrained model
2021-05-10 21:56:57,778:INFO:Ada Boost Classifier Imported succesfully
2021-05-10 21:56:57,802:INFO:Starting cross validation
2021-05-10 21:56:57,804:INFO:Cross validating with StratifiedKFold(n_splits=5, random_state=None, shuffle=False), n_jobs=-1
2021-05-10 21:56:58,038:INFO:Calculating mean and std
2021-05-10 21:56:58,040:INFO:Creating metrics dataframe
2021-05-10 21:56:58,048:INFO:Uploading results into container
2021-05-10 21:56:58,049:INFO:Uploading model into container now
2021-05-10 21:56:58,061:INFO:create_model_container: 9
2021-05-10 21:56:58,062:INFO:master_model_container: 9
2021-05-10 21:56:58,062:INFO:display_container: 2
2021-05-10 21:56:58,063:INFO:AdaBoostClassifier(algorithm='SAMME.R', base_estimator=None, learning_rate=1.0,
                   n_estimators=50, random_state=4673)
2021-05-10 21:56:58,064:INFO:create_model() succesfully completed......................................
2021-05-10 21:56:58,144:INFO:SubProcess create_model() end ==================================
2021-05-10 21:56:58,144:INFO:Creating metrics dataframe
2021-05-10 21:56:58,176:INFO:Initializing Gradient Boosting Classifier
2021-05-10 21:56:58,176:INFO:Total runtime is 0.1389031132062276 minutes
2021-05-10 21:56:58,189:INFO:SubProcess create_model() called ==================================
2021-05-10 21:56:58,190:INFO:Initializing create_model()
2021-05-10 21:56:58,190:INFO:create_model(estimator=gbc, fold=StratifiedKFold(n_splits=5, random_state=None, shuffle=False), round=4, cross_validation=True, predict=True, fit_kwargs={}, groups=None, refit=False, verbose=False, system=False, metrics=None, display=<pycaret.internal.Display.Display object at 0x7fd56fd4fed0>, kwargs={})
2021-05-10 21:56:58,190:INFO:Checking exceptions
2021-05-10 21:56:58,191:INFO:Importing libraries
2021-05-10 21:56:58,191:INFO:Copying training dataset
2021-05-10 21:56:58,192:INFO:Defining folds
2021-05-10 21:56:58,193:INFO:Declaring metric variables
2021-05-10 21:56:58,204:INFO:Importing untrained model
2021-05-10 21:56:58,217:INFO:Gradient Boosting Classifier Imported succesfully
2021-05-10 21:56:58,242:INFO:Starting cross validation
2021-05-10 21:56:58,243:INFO:Cross validating with StratifiedKFold(n_splits=5, random_state=None, shuffle=False), n_jobs=-1
2021-05-10 21:56:58,515:INFO:Calculating mean and std
2021-05-10 21:56:58,517:INFO:Creating metrics dataframe
2021-05-10 21:56:58,523:INFO:Uploading results into container
2021-05-10 21:56:58,524:INFO:Uploading model into container now
2021-05-10 21:56:58,524:INFO:create_model_container: 10
2021-05-10 21:56:58,524:INFO:master_model_container: 10
2021-05-10 21:56:58,525:INFO:display_container: 2
2021-05-10 21:56:58,526:INFO:GradientBoostingClassifier(ccp_alpha=0.0, criterion='friedman_mse', init=None,
                           learning_rate=0.1, loss='deviance', max_depth=3,
                           max_features=None, max_leaf_nodes=None,
                           min_impurity_decrease=0.0, min_impurity_split=None,
                           min_samples_leaf=1, min_samples_split=2,
                           min_weight_fraction_leaf=0.0, n_estimators=100,
                           n_iter_no_change=None, presort='deprecated',
                           random_state=4673, subsample=1.0, tol=0.0001,
                           validation_fraction=0.1, verbose=0,
                           warm_start=False)
2021-05-10 21:56:58,526:INFO:create_model() succesfully completed......................................
2021-05-10 21:56:58,601:INFO:SubProcess create_model() end ==================================
2021-05-10 21:56:58,602:INFO:Creating metrics dataframe
2021-05-10 21:56:58,638:INFO:Initializing Linear Discriminant Analysis
2021-05-10 21:56:58,639:INFO:Total runtime is 0.14661617676417033 minutes
2021-05-10 21:56:58,654:INFO:SubProcess create_model() called ==================================
2021-05-10 21:56:58,655:INFO:Initializing create_model()
2021-05-10 21:56:58,655:INFO:create_model(estimator=lda, fold=StratifiedKFold(n_splits=5, random_state=None, shuffle=False), round=4, cross_validation=True, predict=True, fit_kwargs={}, groups=None, refit=False, verbose=False, system=False, metrics=None, display=<pycaret.internal.Display.Display object at 0x7fd56fd4fed0>, kwargs={})
2021-05-10 21:56:58,656:INFO:Checking exceptions
2021-05-10 21:56:58,656:INFO:Importing libraries
2021-05-10 21:56:58,657:INFO:Copying training dataset
2021-05-10 21:56:58,658:INFO:Defining folds
2021-05-10 21:56:58,659:INFO:Declaring metric variables
2021-05-10 21:56:58,669:INFO:Importing untrained model
2021-05-10 21:56:58,683:INFO:Linear Discriminant Analysis Imported succesfully
2021-05-10 21:56:58,706:INFO:Starting cross validation
2021-05-10 21:56:58,707:INFO:Cross validating with StratifiedKFold(n_splits=5, random_state=None, shuffle=False), n_jobs=-1
2021-05-10 21:56:58,755:INFO:Calculating mean and std
2021-05-10 21:56:58,756:INFO:Creating metrics dataframe
2021-05-10 21:56:58,765:INFO:Uploading results into container
2021-05-10 21:56:58,765:INFO:Uploading model into container now
2021-05-10 21:56:58,766:INFO:create_model_container: 11
2021-05-10 21:56:58,766:INFO:master_model_container: 11
2021-05-10 21:56:58,767:INFO:display_container: 2
2021-05-10 21:56:58,767:INFO:LinearDiscriminantAnalysis(n_components=None, priors=None, shrinkage=None,
                           solver='svd', store_covariance=False, tol=0.0001)
2021-05-10 21:56:58,768:INFO:create_model() succesfully completed......................................
2021-05-10 21:56:58,840:INFO:SubProcess create_model() end ==================================
2021-05-10 21:56:58,841:INFO:Creating metrics dataframe
2021-05-10 21:56:58,876:INFO:Initializing Extra Trees Classifier
2021-05-10 21:56:58,877:INFO:Total runtime is 0.1505791703859965 minutes
2021-05-10 21:56:58,889:INFO:SubProcess create_model() called ==================================
2021-05-10 21:56:58,890:INFO:Initializing create_model()
2021-05-10 21:56:58,891:INFO:create_model(estimator=et, fold=StratifiedKFold(n_splits=5, random_state=None, shuffle=False), round=4, cross_validation=True, predict=True, fit_kwargs={}, groups=None, refit=False, verbose=False, system=False, metrics=None, display=<pycaret.internal.Display.Display object at 0x7fd56fd4fed0>, kwargs={})
2021-05-10 21:56:58,891:INFO:Checking exceptions
2021-05-10 21:56:58,891:INFO:Importing libraries
2021-05-10 21:56:58,892:INFO:Copying training dataset
2021-05-10 21:56:58,893:INFO:Defining folds
2021-05-10 21:56:58,894:INFO:Declaring metric variables
2021-05-10 21:56:58,907:INFO:Importing untrained model
2021-05-10 21:56:58,917:INFO:Extra Trees Classifier Imported succesfully
2021-05-10 21:56:58,944:INFO:Starting cross validation
2021-05-10 21:56:58,945:INFO:Cross validating with StratifiedKFold(n_splits=5, random_state=None, shuffle=False), n_jobs=-1
2021-05-10 21:57:00,128:INFO:Calculating mean and std
2021-05-10 21:57:00,131:INFO:Creating metrics dataframe
2021-05-10 21:57:00,140:INFO:Uploading results into container
2021-05-10 21:57:00,140:INFO:Uploading model into container now
2021-05-10 21:57:00,141:INFO:create_model_container: 12
2021-05-10 21:57:00,141:INFO:master_model_container: 12
2021-05-10 21:57:00,141:INFO:display_container: 2
2021-05-10 21:57:00,142:INFO:ExtraTreesClassifier(bootstrap=False, ccp_alpha=0.0, class_weight=None,
                     criterion='gini', max_depth=None, max_features='auto',
                     max_leaf_nodes=None, max_samples=None,
                     min_impurity_decrease=0.0, min_impurity_split=None,
                     min_samples_leaf=1, min_samples_split=2,
                     min_weight_fraction_leaf=0.0, n_estimators=100, n_jobs=-1,
                     oob_score=False, random_state=4673, verbose=0,
                     warm_start=False)
2021-05-10 21:57:00,143:INFO:create_model() succesfully completed......................................
2021-05-10 21:57:00,213:INFO:SubProcess create_model() end ==================================
2021-05-10 21:57:00,213:INFO:Creating metrics dataframe
2021-05-10 21:57:00,247:INFO:Initializing Light Gradient Boosting Machine
2021-05-10 21:57:00,248:INFO:Total runtime is 0.1734277089436849 minutes
2021-05-10 21:57:00,261:INFO:SubProcess create_model() called ==================================
2021-05-10 21:57:00,261:INFO:Initializing create_model()
2021-05-10 21:57:00,262:INFO:create_model(estimator=lightgbm, fold=StratifiedKFold(n_splits=5, random_state=None, shuffle=False), round=4, cross_validation=True, predict=True, fit_kwargs={}, groups=None, refit=False, verbose=False, system=False, metrics=None, display=<pycaret.internal.Display.Display object at 0x7fd56fd4fed0>, kwargs={})
2021-05-10 21:57:00,262:INFO:Checking exceptions
2021-05-10 21:57:00,262:INFO:Importing libraries
2021-05-10 21:57:00,263:INFO:Copying training dataset
2021-05-10 21:57:00,264:INFO:Defining folds
2021-05-10 21:57:00,264:INFO:Declaring metric variables
2021-05-10 21:57:00,275:INFO:Importing untrained model
2021-05-10 21:57:00,285:INFO:Light Gradient Boosting Machine Imported succesfully
2021-05-10 21:57:00,307:INFO:Starting cross validation
2021-05-10 21:57:00,309:INFO:Cross validating with StratifiedKFold(n_splits=5, random_state=None, shuffle=False), n_jobs=-1
2021-05-10 21:57:00,499:INFO:Calculating mean and std
2021-05-10 21:57:00,500:INFO:Creating metrics dataframe
2021-05-10 21:57:00,507:INFO:Uploading results into container
2021-05-10 21:57:00,507:INFO:Uploading model into container now
2021-05-10 21:57:00,507:INFO:create_model_container: 13
2021-05-10 21:57:00,507:INFO:master_model_container: 13
2021-05-10 21:57:00,508:INFO:display_container: 2
2021-05-10 21:57:00,508:INFO:LGBMClassifier(boosting_type='gbdt', class_weight=None, colsample_bytree=1.0,
               importance_type='split', learning_rate=0.1, max_depth=-1,
               min_child_samples=20, min_child_weight=0.001, min_split_gain=0.0,
               n_estimators=100, n_jobs=-1, num_leaves=31, objective=None,
               random_state=4673, reg_alpha=0.0, reg_lambda=0.0, silent=True,
               subsample=1.0, subsample_for_bin=200000, subsample_freq=0)
2021-05-10 21:57:00,509:INFO:create_model() succesfully completed......................................
2021-05-10 21:57:00,580:INFO:SubProcess create_model() end ==================================
2021-05-10 21:57:00,580:INFO:Creating metrics dataframe
2021-05-10 21:57:00,645:INFO:Initializing create_model()
2021-05-10 21:57:00,645:INFO:create_model(estimator=RidgeClassifier(alpha=1.0, class_weight=None, copy_X=True, fit_intercept=True,
                max_iter=None, normalize=False, random_state=4673,
                solver='auto', tol=0.001), fold=StratifiedKFold(n_splits=5, random_state=None, shuffle=False), round=4, cross_validation=False, predict=False, fit_kwargs={}, groups=None, refit=True, verbose=False, system=False, metrics=None, display=None, kwargs={})
2021-05-10 21:57:00,645:INFO:Checking exceptions
2021-05-10 21:57:00,646:INFO:Importing libraries
2021-05-10 21:57:00,646:INFO:Copying training dataset
2021-05-10 21:57:00,647:INFO:Defining folds
2021-05-10 21:57:00,648:INFO:Declaring metric variables
2021-05-10 21:57:00,648:INFO:Importing untrained model
2021-05-10 21:57:00,648:INFO:Declaring custom model
2021-05-10 21:57:00,649:INFO:Ridge Classifier Imported succesfully
2021-05-10 21:57:00,650:INFO:Cross validation set to False
2021-05-10 21:57:00,650:INFO:Fitting Model
2021-05-10 21:57:00,676:INFO:RidgeClassifier(alpha=1.0, class_weight=None, copy_X=True, fit_intercept=True,
                max_iter=None, normalize=False, random_state=4673,
                solver='auto', tol=0.001)
2021-05-10 21:57:00,676:INFO:create_models() succesfully completed......................................
2021-05-10 21:57:00,858:INFO:Initializing create_model()
2021-05-10 21:57:00,858:INFO:create_model(estimator=LinearDiscriminantAnalysis(n_components=None, priors=None, shrinkage=None,
                           solver='svd', store_covariance=False, tol=0.0001), fold=StratifiedKFold(n_splits=5, random_state=None, shuffle=False), round=4, cross_validation=False, predict=False, fit_kwargs={}, groups=None, refit=True, verbose=False, system=False, metrics=None, display=None, kwargs={})
2021-05-10 21:57:00,858:INFO:Checking exceptions
2021-05-10 21:57:00,859:INFO:Importing libraries
2021-05-10 21:57:00,859:INFO:Copying training dataset
2021-05-10 21:57:00,860:INFO:Defining folds
2021-05-10 21:57:00,860:INFO:Declaring metric variables
2021-05-10 21:57:00,860:INFO:Importing untrained model
2021-05-10 21:57:00,861:INFO:Declaring custom model
2021-05-10 21:57:00,862:INFO:Linear Discriminant Analysis Imported succesfully
2021-05-10 21:57:00,862:INFO:Cross validation set to False
2021-05-10 21:57:00,863:INFO:Fitting Model
2021-05-10 21:57:01,056:INFO:LinearDiscriminantAnalysis(n_components=None, priors=None, shrinkage=None,
                           solver='svd', store_covariance=False, tol=0.0001)
2021-05-10 21:57:01,057:INFO:create_models() succesfully completed......................................
2021-05-10 21:57:01,184:INFO:Initializing create_model()
2021-05-10 21:57:01,187:INFO:create_model(estimator=RandomForestClassifier(bootstrap=True, ccp_alpha=0.0, class_weight=None,
                       criterion='gini', max_depth=None, max_features='auto',
                       max_leaf_nodes=None, max_samples=None,
                       min_impurity_decrease=0.0, min_impurity_split=None,
                       min_samples_leaf=1, min_samples_split=2,
                       min_weight_fraction_leaf=0.0, n_estimators=100,
                       n_jobs=-1, oob_score=False, random_state=4673, verbose=0,
                       warm_start=False), fold=StratifiedKFold(n_splits=5, random_state=None, shuffle=False), round=4, cross_validation=False, predict=False, fit_kwargs={}, groups=None, refit=True, verbose=False, system=False, metrics=None, display=None, kwargs={})
2021-05-10 21:57:01,187:INFO:Checking exceptions
2021-05-10 21:57:01,188:INFO:Importing libraries
2021-05-10 21:57:01,188:INFO:Copying training dataset
2021-05-10 21:57:01,189:INFO:Defining folds
2021-05-10 21:57:01,190:INFO:Declaring metric variables
2021-05-10 21:57:01,190:INFO:Importing untrained model
2021-05-10 21:57:01,190:INFO:Declaring custom model
2021-05-10 21:57:01,191:INFO:Random Forest Classifier Imported succesfully
2021-05-10 21:57:01,192:INFO:Cross validation set to False
2021-05-10 21:57:01,192:INFO:Fitting Model
2021-05-10 21:57:02,228:INFO:RandomForestClassifier(bootstrap=True, ccp_alpha=0.0, class_weight=None,
                       criterion='gini', max_depth=None, max_features='auto',
                       max_leaf_nodes=None, max_samples=None,
                       min_impurity_decrease=0.0, min_impurity_split=None,
                       min_samples_leaf=1, min_samples_split=2,
                       min_weight_fraction_leaf=0.0, n_estimators=100,
                       n_jobs=-1, oob_score=False, random_state=4673, verbose=0,
                       warm_start=False)
2021-05-10 21:57:02,229:INFO:create_models() succesfully completed......................................
2021-05-10 21:57:02,383:INFO:create_model_container: 13
2021-05-10 21:57:02,383:INFO:master_model_container: 13
2021-05-10 21:57:02,384:INFO:display_container: 2
2021-05-10 21:57:02,385:INFO:[RidgeClassifier(alpha=1.0, class_weight=None, copy_X=True, fit_intercept=True,
                max_iter=None, normalize=False, random_state=4673,
                solver='auto', tol=0.001), LinearDiscriminantAnalysis(n_components=None, priors=None, shrinkage=None,
                           solver='svd', store_covariance=False, tol=0.0001), RandomForestClassifier(bootstrap=True, ccp_alpha=0.0, class_weight=None,
                       criterion='gini', max_depth=None, max_features='auto',
                       max_leaf_nodes=None, max_samples=None,
                       min_impurity_decrease=0.0, min_impurity_split=None,
                       min_samples_leaf=1, min_samples_split=2,
                       min_weight_fraction_leaf=0.0, n_estimators=100,
                       n_jobs=-1, oob_score=False, random_state=4673, verbose=0,
                       warm_start=False)]
2021-05-10 21:57:02,386:INFO:compare_models() succesfully completed......................................
2021-05-10 22:02:25,912:INFO:Initializing create_model()
2021-05-10 22:02:25,912:INFO:create_model(estimator=lightgbm, fold=None, round=4, cross_validation=True, predict=True, fit_kwargs=None, groups=None, refit=True, verbose=True, system=True, metrics=None, display=None, kwargs={})
2021-05-10 22:02:25,913:INFO:Checking exceptions
2021-05-10 22:02:25,913:INFO:Preparing display monitor
2021-05-10 22:02:25,941:INFO:Importing libraries
2021-05-10 22:02:25,942:INFO:Copying training dataset
2021-05-10 22:02:25,943:INFO:Defining folds
2021-05-10 22:02:25,944:INFO:Declaring metric variables
2021-05-10 22:02:25,954:INFO:Importing untrained model
2021-05-10 22:02:25,965:INFO:Light Gradient Boosting Machine Imported succesfully
2021-05-10 22:02:25,989:INFO:Starting cross validation
2021-05-10 22:02:25,990:INFO:Cross validating with StratifiedKFold(n_splits=5, random_state=None, shuffle=False), n_jobs=-1
2021-05-10 22:02:28,875:INFO:Calculating mean and std
2021-05-10 22:02:28,877:INFO:Creating metrics dataframe
2021-05-10 22:02:28,902:INFO:Finalizing model
2021-05-10 22:02:29,333:INFO:Uploading results into container
2021-05-10 22:02:29,333:INFO:Uploading model into container now
2021-05-10 22:02:29,353:INFO:create_model_container: 14
2021-05-10 22:02:29,354:INFO:master_model_container: 14
2021-05-10 22:02:29,354:INFO:display_container: 3
2021-05-10 22:02:29,355:INFO:LGBMClassifier(boosting_type='gbdt', class_weight=None, colsample_bytree=1.0,
               importance_type='split', learning_rate=0.1, max_depth=-1,
               min_child_samples=20, min_child_weight=0.001, min_split_gain=0.0,
               n_estimators=100, n_jobs=-1, num_leaves=31, objective=None,
               random_state=4673, reg_alpha=0.0, reg_lambda=0.0, silent=True,
               subsample=1.0, subsample_for_bin=200000, subsample_freq=0)
2021-05-10 22:02:29,355:INFO:create_model() succesfully completed......................................
2021-05-10 22:03:14,149:INFO:Initializing tune_model()
2021-05-10 22:03:14,149:INFO:tune_model(estimator=LGBMClassifier(boosting_type='gbdt', class_weight=None, colsample_bytree=1.0,
               importance_type='split', learning_rate=0.1, max_depth=-1,
               min_child_samples=20, min_child_weight=0.001, min_split_gain=0.0,
               n_estimators=100, n_jobs=-1, num_leaves=31, objective=None,
               random_state=4673, reg_alpha=0.0, reg_lambda=0.0, silent=True,
               subsample=1.0, subsample_for_bin=200000, subsample_freq=0), fold=None, round=4, n_iter=10, custom_grid=None, optimize=Accuracy, custom_scorer=None, search_library=scikit-learn, search_algorithm=None, early_stopping=False, early_stopping_max_iters=10, choose_better=False, fit_kwargs=None, groups=None, return_tuner=False, verbose=True, tuner_verbose=True, display=None, kwargs={})
2021-05-10 22:03:14,150:INFO:Checking exceptions
2021-05-10 22:03:14,151:INFO:Preparing display monitor
2021-05-10 22:03:14,176:INFO:Copying training dataset
2021-05-10 22:03:14,178:INFO:Checking base model
2021-05-10 22:03:14,179:INFO:Base model : Light Gradient Boosting Machine
2021-05-10 22:03:14,191:INFO:Declaring metric variables
2021-05-10 22:03:14,201:INFO:Defining Hyperparameters
2021-05-10 22:03:14,269:INFO:Tuning with n_jobs=-1
2021-05-10 22:03:14,269:INFO:Initializing RandomizedSearchCV
2021-05-10 22:03:16,698:INFO:best_params: {'actual_estimator__reg_lambda': 0.3, 'actual_estimator__reg_alpha': 0.05, 'actual_estimator__num_leaves': 60, 'actual_estimator__n_estimators': 210, 'actual_estimator__min_split_gain': 0.6, 'actual_estimator__min_child_samples': 31, 'actual_estimator__learning_rate': 0.2, 'actual_estimator__feature_fraction': 0.9, 'actual_estimator__bagging_freq': 4, 'actual_estimator__bagging_fraction': 0.9}
2021-05-10 22:03:16,699:INFO:Hyperparameter search completed
2021-05-10 22:03:16,700:INFO:SubProcess create_model() called ==================================
2021-05-10 22:03:16,701:INFO:Initializing create_model()
2021-05-10 22:03:16,702:INFO:create_model(estimator=LGBMClassifier(boosting_type='gbdt', class_weight=None, colsample_bytree=1.0,
               importance_type='split', learning_rate=0.1, max_depth=-1,
               min_child_samples=20, min_child_weight=0.001, min_split_gain=0.0,
               n_estimators=100, n_jobs=-1, num_leaves=31, objective=None,
               random_state=4673, reg_alpha=0.0, reg_lambda=0.0, silent=True,
               subsample=1.0, subsample_for_bin=200000, subsample_freq=0), fold=StratifiedKFold(n_splits=5, random_state=None, shuffle=False), round=4, cross_validation=True, predict=True, fit_kwargs={}, groups=None, refit=True, verbose=True, system=False, metrics=None, display=<pycaret.internal.Display.Display object at 0x7fd556159e50>, kwargs={'reg_lambda': 0.3, 'reg_alpha': 0.05, 'num_leaves': 60, 'n_estimators': 210, 'min_split_gain': 0.6, 'min_child_samples': 31, 'learning_rate': 0.2, 'feature_fraction': 0.9, 'bagging_freq': 4, 'bagging_fraction': 0.9})
2021-05-10 22:03:16,702:INFO:Checking exceptions
2021-05-10 22:03:16,702:INFO:Importing libraries
2021-05-10 22:03:16,703:INFO:Copying training dataset
2021-05-10 22:03:16,704:INFO:Defining folds
2021-05-10 22:03:16,705:INFO:Declaring metric variables
2021-05-10 22:03:16,722:INFO:Importing untrained model
2021-05-10 22:03:16,722:INFO:Declaring custom model
2021-05-10 22:03:16,741:INFO:Light Gradient Boosting Machine Imported succesfully
2021-05-10 22:03:16,772:INFO:Starting cross validation
2021-05-10 22:03:16,773:INFO:Cross validating with StratifiedKFold(n_splits=5, random_state=None, shuffle=False), n_jobs=-1
2021-05-10 22:03:16,880:INFO:Calculating mean and std
2021-05-10 22:03:16,882:INFO:Creating metrics dataframe
2021-05-10 22:03:16,903:INFO:Finalizing model
2021-05-10 22:03:17,414:INFO:Uploading results into container
2021-05-10 22:03:17,414:INFO:Uploading model into container now
2021-05-10 22:03:17,414:INFO:create_model_container: 15
2021-05-10 22:03:17,415:INFO:master_model_container: 15
2021-05-10 22:03:17,415:INFO:display_container: 4
2021-05-10 22:03:17,416:INFO:LGBMClassifier(bagging_fraction=0.9, bagging_freq=4, boosting_type='gbdt',
               class_weight=None, colsample_bytree=1.0, feature_fraction=0.9,
               importance_type='split', learning_rate=0.2, max_depth=-1,
               min_child_samples=31, min_child_weight=0.001, min_split_gain=0.6,
               n_estimators=210, n_jobs=-1, num_leaves=60, objective=None,
               random_state=4673, reg_alpha=0.05, reg_lambda=0.3, silent=True,
               subsample=1.0, subsample_for_bin=200000, subsample_freq=0)
2021-05-10 22:03:17,416:INFO:create_model() succesfully completed......................................
2021-05-10 22:03:17,485:INFO:SubProcess create_model() end ==================================
2021-05-10 22:03:17,506:INFO:create_model_container: 15
2021-05-10 22:03:17,506:INFO:master_model_container: 15
2021-05-10 22:03:17,507:INFO:display_container: 4
2021-05-10 22:03:17,508:INFO:LGBMClassifier(bagging_fraction=0.9, bagging_freq=4, boosting_type='gbdt',
               class_weight=None, colsample_bytree=1.0, feature_fraction=0.9,
               importance_type='split', learning_rate=0.2, max_depth=-1,
               min_child_samples=31, min_child_weight=0.001, min_split_gain=0.6,
               n_estimators=210, n_jobs=-1, num_leaves=60, objective=None,
               random_state=4673, reg_alpha=0.05, reg_lambda=0.3, silent=True,
               subsample=1.0, subsample_for_bin=200000, subsample_freq=0)
2021-05-10 22:03:17,508:INFO:tune_model() succesfully completed......................................
2021-05-10 22:03:25,445:INFO:Initializing tune_model()
2021-05-10 22:03:25,446:INFO:tune_model(estimator=LGBMClassifier(bagging_fraction=0.9, bagging_freq=4, boosting_type='gbdt',
               class_weight=None, colsample_bytree=1.0, feature_fraction=0.9,
               importance_type='split', learning_rate=0.2, max_depth=-1,
               min_child_samples=31, min_child_weight=0.001, min_split_gain=0.6,
               n_estimators=210, n_jobs=-1, num_leaves=60, objective=None,
               random_state=4673, reg_alpha=0.05, reg_lambda=0.3, silent=True,
               subsample=1.0, subsample_for_bin=200000, subsample_freq=0), fold=None, round=4, n_iter=10, custom_grid=None, optimize=Accuracy, custom_scorer=None, search_library=scikit-learn, search_algorithm=None, early_stopping=False, early_stopping_max_iters=10, choose_better=False, fit_kwargs=None, groups=None, return_tuner=False, verbose=True, tuner_verbose=True, display=None, kwargs={'num_iter': 100})
2021-05-10 22:03:25,448:INFO:Checking exceptions
2021-05-10 22:03:25,449:INFO:Preparing display monitor
2021-05-10 22:03:25,473:INFO:Copying training dataset
2021-05-10 22:03:25,475:INFO:Checking base model
2021-05-10 22:03:25,475:INFO:Base model : Light Gradient Boosting Machine
2021-05-10 22:03:25,488:INFO:Declaring metric variables
2021-05-10 22:03:25,499:INFO:Defining Hyperparameters
2021-05-10 22:03:25,569:INFO:Tuning with n_jobs=-1
2021-05-10 22:03:25,569:INFO:Initializing RandomizedSearchCV
2021-05-10 22:03:37,398:INFO:Initializing create_model()
2021-05-10 22:03:37,398:INFO:create_model(estimator=lightgbm, fold=None, round=4, cross_validation=True, predict=True, fit_kwargs=None, groups=None, refit=True, verbose=True, system=True, metrics=None, display=None, kwargs={})
2021-05-10 22:03:37,399:INFO:Checking exceptions
2021-05-10 22:03:37,399:INFO:Preparing display monitor
2021-05-10 22:03:37,429:INFO:Importing libraries
2021-05-10 22:03:37,430:INFO:Copying training dataset
2021-05-10 22:03:37,431:INFO:Defining folds
2021-05-10 22:03:37,432:INFO:Declaring metric variables
2021-05-10 22:03:37,444:INFO:Importing untrained model
2021-05-10 22:03:37,457:INFO:Light Gradient Boosting Machine Imported succesfully
2021-05-10 22:03:37,487:INFO:Starting cross validation
2021-05-10 22:03:37,488:INFO:Cross validating with StratifiedKFold(n_splits=5, random_state=None, shuffle=False), n_jobs=-1
2021-05-10 22:03:40,565:INFO:Calculating mean and std
2021-05-10 22:03:40,567:INFO:Creating metrics dataframe
2021-05-10 22:03:40,597:INFO:Finalizing model
2021-05-10 22:03:41,018:INFO:Uploading results into container
2021-05-10 22:03:41,019:INFO:Uploading model into container now
2021-05-10 22:03:41,038:INFO:create_model_container: 16
2021-05-10 22:03:41,038:INFO:master_model_container: 16
2021-05-10 22:03:41,039:INFO:display_container: 5
2021-05-10 22:03:41,039:INFO:LGBMClassifier(boosting_type='gbdt', class_weight=None, colsample_bytree=1.0,
               importance_type='split', learning_rate=0.1, max_depth=-1,
               min_child_samples=20, min_child_weight=0.001, min_split_gain=0.0,
               n_estimators=100, n_jobs=-1, num_leaves=31, objective=None,
               random_state=4673, reg_alpha=0.0, reg_lambda=0.0, silent=True,
               subsample=1.0, subsample_for_bin=200000, subsample_freq=0)
2021-05-10 22:03:41,040:INFO:create_model() succesfully completed......................................
2021-05-10 22:03:42,110:INFO:Initializing tune_model()
2021-05-10 22:03:42,111:INFO:tune_model(estimator=LGBMClassifier(boosting_type='gbdt', class_weight=None, colsample_bytree=1.0,
               importance_type='split', learning_rate=0.1, max_depth=-1,
               min_child_samples=20, min_child_weight=0.001, min_split_gain=0.0,
               n_estimators=100, n_jobs=-1, num_leaves=31, objective=None,
               random_state=4673, reg_alpha=0.0, reg_lambda=0.0, silent=True,
               subsample=1.0, subsample_for_bin=200000, subsample_freq=0), fold=None, round=4, n_iter=10, custom_grid=None, optimize=Accuracy, custom_scorer=None, search_library=scikit-learn, search_algorithm=None, early_stopping=False, early_stopping_max_iters=10, choose_better=False, fit_kwargs=None, groups=None, return_tuner=False, verbose=True, tuner_verbose=True, display=None, kwargs={'num_iter': 100})
2021-05-10 22:03:42,111:INFO:Checking exceptions
2021-05-10 22:03:42,113:INFO:Preparing display monitor
2021-05-10 22:03:42,141:INFO:Copying training dataset
2021-05-10 22:03:42,143:INFO:Checking base model
2021-05-10 22:03:42,143:INFO:Base model : Light Gradient Boosting Machine
2021-05-10 22:03:42,157:INFO:Declaring metric variables
2021-05-10 22:03:42,169:INFO:Defining Hyperparameters
2021-05-10 22:03:42,240:INFO:Tuning with n_jobs=-1
2021-05-10 22:03:42,240:INFO:Initializing RandomizedSearchCV
2021-05-10 22:03:57,274:INFO:Initializing tune_model()
2021-05-10 22:03:57,275:INFO:tune_model(estimator=LGBMClassifier(boosting_type='gbdt', class_weight=None, colsample_bytree=1.0,
               importance_type='split', learning_rate=0.1, max_depth=-1,
               min_child_samples=20, min_child_weight=0.001, min_split_gain=0.0,
               n_estimators=100, n_jobs=-1, num_leaves=31, objective=None,
               random_state=4673, reg_alpha=0.0, reg_lambda=0.0, silent=True,
               subsample=1.0, subsample_for_bin=200000, subsample_freq=0), fold=None, round=4, n_iter=100, custom_grid=None, optimize=Accuracy, custom_scorer=None, search_library=scikit-learn, search_algorithm=None, early_stopping=False, early_stopping_max_iters=10, choose_better=False, fit_kwargs=None, groups=None, return_tuner=False, verbose=True, tuner_verbose=True, display=None, kwargs={})
2021-05-10 22:03:57,277:INFO:Checking exceptions
2021-05-10 22:03:57,278:INFO:Preparing display monitor
2021-05-10 22:03:57,301:INFO:Copying training dataset
2021-05-10 22:03:57,303:INFO:Checking base model
2021-05-10 22:03:57,303:INFO:Base model : Light Gradient Boosting Machine
2021-05-10 22:03:57,314:INFO:Declaring metric variables
2021-05-10 22:03:57,327:INFO:Defining Hyperparameters
2021-05-10 22:03:57,398:INFO:Tuning with n_jobs=-1
2021-05-10 22:03:57,399:INFO:Initializing RandomizedSearchCV
2021-05-10 22:04:04,935:INFO:best_params: {'actual_estimator__reg_lambda': 0.3, 'actual_estimator__reg_alpha': 0.05, 'actual_estimator__num_leaves': 60, 'actual_estimator__n_estimators': 210, 'actual_estimator__min_split_gain': 0.6, 'actual_estimator__min_child_samples': 31, 'actual_estimator__learning_rate': 0.2, 'actual_estimator__feature_fraction': 0.9, 'actual_estimator__bagging_freq': 4, 'actual_estimator__bagging_fraction': 0.9}
2021-05-10 22:04:04,936:INFO:Hyperparameter search completed
2021-05-10 22:04:04,936:INFO:SubProcess create_model() called ==================================
2021-05-10 22:04:04,937:INFO:Initializing create_model()
2021-05-10 22:04:04,938:INFO:create_model(estimator=LGBMClassifier(boosting_type='gbdt', class_weight=None, colsample_bytree=1.0,
               importance_type='split', learning_rate=0.1, max_depth=-1,
               min_child_samples=20, min_child_weight=0.001, min_split_gain=0.0,
               n_estimators=100, n_jobs=-1, num_leaves=31, objective=None,
               random_state=4673, reg_alpha=0.0, reg_lambda=0.0, silent=True,
               subsample=1.0, subsample_for_bin=200000, subsample_freq=0), fold=StratifiedKFold(n_splits=5, random_state=None, shuffle=False), round=4, cross_validation=True, predict=True, fit_kwargs={}, groups=None, refit=True, verbose=True, system=False, metrics=None, display=<pycaret.internal.Display.Display object at 0x7fd5dffdc250>, kwargs={'reg_lambda': 0.3, 'reg_alpha': 0.05, 'num_leaves': 60, 'n_estimators': 210, 'min_split_gain': 0.6, 'min_child_samples': 31, 'learning_rate': 0.2, 'feature_fraction': 0.9, 'bagging_freq': 4, 'bagging_fraction': 0.9})
2021-05-10 22:04:04,938:INFO:Checking exceptions
2021-05-10 22:04:04,938:INFO:Importing libraries
2021-05-10 22:04:04,938:INFO:Copying training dataset
2021-05-10 22:04:04,940:INFO:Defining folds
2021-05-10 22:04:04,940:INFO:Declaring metric variables
2021-05-10 22:04:04,950:INFO:Importing untrained model
2021-05-10 22:04:04,951:INFO:Declaring custom model
2021-05-10 22:04:04,963:INFO:Light Gradient Boosting Machine Imported succesfully
2021-05-10 22:04:04,985:INFO:Starting cross validation
2021-05-10 22:04:04,986:INFO:Cross validating with StratifiedKFold(n_splits=5, random_state=None, shuffle=False), n_jobs=-1
2021-05-10 22:04:05,092:INFO:Calculating mean and std
2021-05-10 22:04:05,093:INFO:Creating metrics dataframe
2021-05-10 22:04:05,111:INFO:Finalizing model
2021-05-10 22:04:05,784:INFO:Uploading results into container
2021-05-10 22:04:05,784:INFO:Uploading model into container now
2021-05-10 22:04:05,785:INFO:create_model_container: 17
2021-05-10 22:04:05,785:INFO:master_model_container: 17
2021-05-10 22:04:05,785:INFO:display_container: 6
2021-05-10 22:04:05,786:INFO:LGBMClassifier(bagging_fraction=0.9, bagging_freq=4, boosting_type='gbdt',
               class_weight=None, colsample_bytree=1.0, feature_fraction=0.9,
               importance_type='split', learning_rate=0.2, max_depth=-1,
               min_child_samples=31, min_child_weight=0.001, min_split_gain=0.6,
               n_estimators=210, n_jobs=-1, num_leaves=60, objective=None,
               random_state=4673, reg_alpha=0.05, reg_lambda=0.3, silent=True,
               subsample=1.0, subsample_for_bin=200000, subsample_freq=0)
2021-05-10 22:04:05,787:INFO:create_model() succesfully completed......................................
2021-05-10 22:04:05,857:INFO:SubProcess create_model() end ==================================
2021-05-10 22:04:05,881:INFO:create_model_container: 17
2021-05-10 22:04:05,881:INFO:master_model_container: 17
2021-05-10 22:04:05,882:INFO:display_container: 6
2021-05-10 22:04:05,883:INFO:LGBMClassifier(bagging_fraction=0.9, bagging_freq=4, boosting_type='gbdt',
               class_weight=None, colsample_bytree=1.0, feature_fraction=0.9,
               importance_type='split', learning_rate=0.2, max_depth=-1,
               min_child_samples=31, min_child_weight=0.001, min_split_gain=0.6,
               n_estimators=210, n_jobs=-1, num_leaves=60, objective=None,
               random_state=4673, reg_alpha=0.05, reg_lambda=0.3, silent=True,
               subsample=1.0, subsample_for_bin=200000, subsample_freq=0)
2021-05-10 22:04:05,883:INFO:tune_model() succesfully completed......................................
2021-05-10 22:04:20,604:INFO:Initializing tune_model()
2021-05-10 22:04:20,605:INFO:tune_model(estimator=LGBMClassifier(bagging_fraction=0.9, bagging_freq=4, boosting_type='gbdt',
               class_weight=None, colsample_bytree=1.0, feature_fraction=0.9,
               importance_type='split', learning_rate=0.2, max_depth=-1,
               min_child_samples=31, min_child_weight=0.001, min_split_gain=0.6,
               n_estimators=210, n_jobs=-1, num_leaves=60, objective=None,
               random_state=4673, reg_alpha=0.05, reg_lambda=0.3, silent=True,
               subsample=1.0, subsample_for_bin=200000, subsample_freq=0), fold=None, round=4, n_iter=100, custom_grid=None, optimize=Accuracy, custom_scorer=None, search_library=scikit-learn, search_algorithm=None, early_stopping=False, early_stopping_max_iters=10, choose_better=False, fit_kwargs=None, groups=None, return_tuner=False, verbose=True, tuner_verbose=True, display=None, kwargs={})
2021-05-10 22:04:20,605:INFO:Checking exceptions
2021-05-10 22:04:20,606:INFO:Preparing display monitor
2021-05-10 22:04:20,631:INFO:Copying training dataset
2021-05-10 22:04:20,633:INFO:Checking base model
2021-05-10 22:04:20,633:INFO:Base model : Light Gradient Boosting Machine
2021-05-10 22:04:20,645:INFO:Declaring metric variables
2021-05-10 22:04:20,655:INFO:Defining Hyperparameters
2021-05-10 22:04:20,722:INFO:Tuning with n_jobs=-1
2021-05-10 22:04:20,723:INFO:Initializing RandomizedSearchCV
2021-05-10 22:04:27,493:INFO:best_params: {'actual_estimator__reg_lambda': 0.3, 'actual_estimator__reg_alpha': 0.05, 'actual_estimator__num_leaves': 60, 'actual_estimator__n_estimators': 210, 'actual_estimator__min_split_gain': 0.6, 'actual_estimator__min_child_samples': 31, 'actual_estimator__learning_rate': 0.2, 'actual_estimator__feature_fraction': 0.9, 'actual_estimator__bagging_freq': 4, 'actual_estimator__bagging_fraction': 0.9}
2021-05-10 22:04:27,495:INFO:Hyperparameter search completed
2021-05-10 22:04:27,495:INFO:SubProcess create_model() called ==================================
2021-05-10 22:04:27,497:INFO:Initializing create_model()
2021-05-10 22:04:27,497:INFO:create_model(estimator=LGBMClassifier(bagging_fraction=0.9, bagging_freq=4, boosting_type='gbdt',
               class_weight=None, colsample_bytree=1.0, feature_fraction=0.9,
               importance_type='split', learning_rate=0.2, max_depth=-1,
               min_child_samples=31, min_child_weight=0.001, min_split_gain=0.6,
               n_estimators=210, n_jobs=-1, num_leaves=60, objective=None,
               random_state=4673, reg_alpha=0.05, reg_lambda=0.3, silent=True,
               subsample=1.0, subsample_for_bin=200000, subsample_freq=0), fold=StratifiedKFold(n_splits=5, random_state=None, shuffle=False), round=4, cross_validation=True, predict=True, fit_kwargs={}, groups=None, refit=True, verbose=True, system=False, metrics=None, display=<pycaret.internal.Display.Display object at 0x7fd54dee1690>, kwargs={'reg_lambda': 0.3, 'reg_alpha': 0.05, 'num_leaves': 60, 'n_estimators': 210, 'min_split_gain': 0.6, 'min_child_samples': 31, 'learning_rate': 0.2, 'feature_fraction': 0.9, 'bagging_freq': 4, 'bagging_fraction': 0.9})
2021-05-10 22:04:27,498:INFO:Checking exceptions
2021-05-10 22:04:27,498:INFO:Importing libraries
2021-05-10 22:04:27,499:INFO:Copying training dataset
2021-05-10 22:04:27,500:INFO:Defining folds
2021-05-10 22:04:27,501:INFO:Declaring metric variables
2021-05-10 22:04:27,515:INFO:Importing untrained model
2021-05-10 22:04:27,516:INFO:Declaring custom model
2021-05-10 22:04:27,533:INFO:Light Gradient Boosting Machine Imported succesfully
2021-05-10 22:04:27,564:INFO:Starting cross validation
2021-05-10 22:04:27,565:INFO:Cross validating with StratifiedKFold(n_splits=5, random_state=None, shuffle=False), n_jobs=-1
2021-05-10 22:04:27,690:INFO:Calculating mean and std
2021-05-10 22:04:27,693:INFO:Creating metrics dataframe
2021-05-10 22:04:27,720:INFO:Finalizing model
2021-05-10 22:04:28,730:INFO:Uploading results into container
2021-05-10 22:04:28,731:INFO:Uploading model into container now
2021-05-10 22:04:28,732:INFO:create_model_container: 18
2021-05-10 22:04:28,732:INFO:master_model_container: 18
2021-05-10 22:04:28,732:INFO:display_container: 7
2021-05-10 22:04:28,734:INFO:LGBMClassifier(bagging_fraction=0.9, bagging_freq=4, boosting_type='gbdt',
               class_weight=None, colsample_bytree=1.0, feature_fraction=0.9,
               importance_type='split', learning_rate=0.2, max_depth=-1,
               min_child_samples=31, min_child_weight=0.001, min_split_gain=0.6,
               n_estimators=210, n_jobs=-1, num_leaves=60, objective=None,
               random_state=4673, reg_alpha=0.05, reg_lambda=0.3, silent=True,
               subsample=1.0, subsample_for_bin=200000, subsample_freq=0)
2021-05-10 22:04:28,734:INFO:create_model() succesfully completed......................................
2021-05-10 22:04:28,833:INFO:SubProcess create_model() end ==================================
2021-05-10 22:04:28,864:INFO:create_model_container: 18
2021-05-10 22:04:28,865:INFO:master_model_container: 18
2021-05-10 22:04:28,865:INFO:display_container: 7
2021-05-10 22:04:28,867:INFO:LGBMClassifier(bagging_fraction=0.9, bagging_freq=4, boosting_type='gbdt',
               class_weight=None, colsample_bytree=1.0, feature_fraction=0.9,
               importance_type='split', learning_rate=0.2, max_depth=-1,
               min_child_samples=31, min_child_weight=0.001, min_split_gain=0.6,
               n_estimators=210, n_jobs=-1, num_leaves=60, objective=None,
               random_state=4673, reg_alpha=0.05, reg_lambda=0.3, silent=True,
               subsample=1.0, subsample_for_bin=200000, subsample_freq=0)
2021-05-10 22:04:28,867:INFO:tune_model() succesfully completed......................................
2021-05-10 22:04:35,189:INFO:Initializing tune_model()
2021-05-10 22:04:35,190:INFO:tune_model(estimator=LGBMClassifier(bagging_fraction=0.9, bagging_freq=4, boosting_type='gbdt',
               class_weight=None, colsample_bytree=1.0, feature_fraction=0.9,
               importance_type='split', learning_rate=0.2, max_depth=-1,
               min_child_samples=31, min_child_weight=0.001, min_split_gain=0.6,
               n_estimators=210, n_jobs=-1, num_leaves=60, objective=None,
               random_state=4673, reg_alpha=0.05, reg_lambda=0.3, silent=True,
               subsample=1.0, subsample_for_bin=200000, subsample_freq=0), fold=None, round=4, n_iter=100, custom_grid=None, optimize=AUC, custom_scorer=None, search_library=scikit-learn, search_algorithm=None, early_stopping=False, early_stopping_max_iters=10, choose_better=False, fit_kwargs=None, groups=None, return_tuner=False, verbose=True, tuner_verbose=True, display=None, kwargs={})
2021-05-10 22:04:35,190:INFO:Checking exceptions
2021-05-10 22:04:35,191:INFO:Preparing display monitor
2021-05-10 22:04:35,217:INFO:Copying training dataset
2021-05-10 22:04:35,218:INFO:Checking base model
2021-05-10 22:04:35,219:INFO:Base model : Light Gradient Boosting Machine
2021-05-10 22:04:35,231:INFO:Declaring metric variables
2021-05-10 22:04:35,242:INFO:Defining Hyperparameters
2021-05-10 22:04:35,311:INFO:Tuning with n_jobs=-1
2021-05-10 22:04:35,312:INFO:Initializing RandomizedSearchCV
2021-05-10 22:04:44,060:INFO:best_params: {'actual_estimator__reg_lambda': 0.1, 'actual_estimator__reg_alpha': 0.001, 'actual_estimator__num_leaves': 60, 'actual_estimator__n_estimators': 110, 'actual_estimator__min_split_gain': 0.1, 'actual_estimator__min_child_samples': 1, 'actual_estimator__learning_rate': 0.001, 'actual_estimator__feature_fraction': 0.5, 'actual_estimator__bagging_freq': 2, 'actual_estimator__bagging_fraction': 0.5}
2021-05-10 22:04:44,062:INFO:Hyperparameter search completed
2021-05-10 22:04:44,062:INFO:SubProcess create_model() called ==================================
2021-05-10 22:04:44,064:INFO:Initializing create_model()
2021-05-10 22:04:44,065:INFO:create_model(estimator=LGBMClassifier(bagging_fraction=0.9, bagging_freq=4, boosting_type='gbdt',
               class_weight=None, colsample_bytree=1.0, feature_fraction=0.9,
               importance_type='split', learning_rate=0.2, max_depth=-1,
               min_child_samples=31, min_child_weight=0.001, min_split_gain=0.6,
               n_estimators=210, n_jobs=-1, num_leaves=60, objective=None,
               random_state=4673, reg_alpha=0.05, reg_lambda=0.3, silent=True,
               subsample=1.0, subsample_for_bin=200000, subsample_freq=0), fold=StratifiedKFold(n_splits=5, random_state=None, shuffle=False), round=4, cross_validation=True, predict=True, fit_kwargs={}, groups=None, refit=True, verbose=True, system=False, metrics=None, display=<pycaret.internal.Display.Display object at 0x7fd5def9f150>, kwargs={'reg_lambda': 0.1, 'reg_alpha': 0.001, 'num_leaves': 60, 'n_estimators': 110, 'min_split_gain': 0.1, 'min_child_samples': 1, 'learning_rate': 0.001, 'feature_fraction': 0.5, 'bagging_freq': 2, 'bagging_fraction': 0.5})
2021-05-10 22:04:44,065:INFO:Checking exceptions
2021-05-10 22:04:44,066:INFO:Importing libraries
2021-05-10 22:04:44,066:INFO:Copying training dataset
2021-05-10 22:04:44,069:INFO:Defining folds
2021-05-10 22:04:44,070:INFO:Declaring metric variables
2021-05-10 22:04:44,088:INFO:Importing untrained model
2021-05-10 22:04:44,089:INFO:Declaring custom model
2021-05-10 22:04:44,107:INFO:Light Gradient Boosting Machine Imported succesfully
2021-05-10 22:04:44,143:INFO:Starting cross validation
2021-05-10 22:04:44,145:INFO:Cross validating with StratifiedKFold(n_splits=5, random_state=None, shuffle=False), n_jobs=-1
2021-05-10 22:04:44,664:INFO:Calculating mean and std
2021-05-10 22:04:44,666:INFO:Creating metrics dataframe
2021-05-10 22:04:44,693:INFO:Finalizing model
2021-05-10 22:04:46,730:INFO:Uploading results into container
2021-05-10 22:04:46,731:INFO:Uploading model into container now
2021-05-10 22:04:46,731:INFO:create_model_container: 19
2021-05-10 22:04:46,731:INFO:master_model_container: 19
2021-05-10 22:04:46,732:INFO:display_container: 8
2021-05-10 22:04:46,733:INFO:LGBMClassifier(bagging_fraction=0.5, bagging_freq=2, boosting_type='gbdt',
               class_weight=None, colsample_bytree=1.0, feature_fraction=0.5,
               importance_type='split', learning_rate=0.001, max_depth=-1,
               min_child_samples=1, min_child_weight=0.001, min_split_gain=0.1,
               n_estimators=110, n_jobs=-1, num_leaves=60, objective=None,
               random_state=4673, reg_alpha=0.001, reg_lambda=0.1, silent=True,
               subsample=1.0, subsample_for_bin=200000, subsample_freq=0)
2021-05-10 22:04:46,734:INFO:create_model() succesfully completed......................................
2021-05-10 22:04:46,819:INFO:SubProcess create_model() end ==================================
2021-05-10 22:04:46,845:INFO:create_model_container: 19
2021-05-10 22:04:46,846:INFO:master_model_container: 19
2021-05-10 22:04:46,846:INFO:display_container: 8
2021-05-10 22:04:46,848:INFO:LGBMClassifier(bagging_fraction=0.5, bagging_freq=2, boosting_type='gbdt',
               class_weight=None, colsample_bytree=1.0, feature_fraction=0.5,
               importance_type='split', learning_rate=0.001, max_depth=-1,
               min_child_samples=1, min_child_weight=0.001, min_split_gain=0.1,
               n_estimators=110, n_jobs=-1, num_leaves=60, objective=None,
               random_state=4673, reg_alpha=0.001, reg_lambda=0.1, silent=True,
               subsample=1.0, subsample_for_bin=200000, subsample_freq=0)
2021-05-10 22:04:46,848:INFO:tune_model() succesfully completed......................................
2021-05-10 22:05:57,844:INFO:Initializing plot_model()
2021-05-10 22:05:57,844:INFO:plot_model(plot=confusion_matrix, fold=None, use_train_data=False, verbose=True, is_in_evaluate=False, display=None, display_format=None, estimator=LGBMClassifier(bagging_fraction=0.5, bagging_freq=2, boosting_type='gbdt',
               class_weight=None, colsample_bytree=1.0, feature_fraction=0.5,
               importance_type='split', learning_rate=0.001, max_depth=-1,
               min_child_samples=1, min_child_weight=0.001, min_split_gain=0.1,
               n_estimators=110, n_jobs=-1, num_leaves=60, objective=None,
               random_state=4673, reg_alpha=0.001, reg_lambda=0.1, silent=True,
               subsample=1.0, subsample_for_bin=200000, subsample_freq=0), feature_name=None, fit_kwargs=None, groups=None, label=False, save=False, scale=1, system=True)
2021-05-10 22:05:57,845:INFO:Checking exceptions
2021-05-10 22:05:57,846:INFO:Preparing display monitor
2021-05-10 22:05:57,859:INFO:Preloading libraries
2021-05-10 22:05:57,881:INFO:Copying training dataset
2021-05-10 22:05:57,882:INFO:Copying test dataset
2021-05-10 22:05:57,883:INFO:Plot type: confusion_matrix
2021-05-10 22:05:57,932:INFO:Fitting Model
2021-05-10 22:05:57,934:INFO:Scoring test/hold-out set
2021-05-10 22:05:58,238:INFO:Visual Rendered Successfully
2021-05-10 22:05:58,333:INFO:plot_model() succesfully completed......................................
2021-05-10 22:09:44,107:INFO:Initializing tune_model()
2021-05-10 22:09:44,107:INFO:tune_model(estimator=LGBMClassifier(bagging_fraction=0.5, bagging_freq=2, boosting_type='gbdt',
               class_weight=None, colsample_bytree=1.0, feature_fraction=0.5,
               importance_type='split', learning_rate=0.001, max_depth=-1,
               min_child_samples=1, min_child_weight=0.001, min_split_gain=0.1,
               n_estimators=110, n_jobs=-1, num_leaves=60, objective=None,
               random_state=4673, reg_alpha=0.001, reg_lambda=0.1, silent=True,
               subsample=1.0, subsample_for_bin=200000, subsample_freq=0), fold=None, round=4, n_iter=10, custom_grid=None, optimize=Accuracy, custom_scorer=None, search_library=scikit-learn, search_algorithm=None, early_stopping=False, early_stopping_max_iters=10, choose_better=False, fit_kwargs=None, groups=None, return_tuner=False, verbose=True, tuner_verbose=True, display=None, kwargs={})
2021-05-10 22:09:44,108:INFO:Checking exceptions
2021-05-10 22:09:44,109:INFO:Preparing display monitor
2021-05-10 22:09:44,136:INFO:Copying training dataset
2021-05-10 22:09:44,138:INFO:Checking base model
2021-05-10 22:09:44,138:INFO:Base model : Light Gradient Boosting Machine
2021-05-10 22:09:44,151:INFO:Declaring metric variables
2021-05-10 22:09:44,162:INFO:Defining Hyperparameters
2021-05-10 22:09:44,242:INFO:Tuning with n_jobs=-1
2021-05-10 22:09:44,242:INFO:Initializing RandomizedSearchCV
2021-05-10 22:09:47,290:INFO:best_params: {'actual_estimator__reg_lambda': 0.3, 'actual_estimator__reg_alpha': 0.05, 'actual_estimator__num_leaves': 60, 'actual_estimator__n_estimators': 210, 'actual_estimator__min_split_gain': 0.6, 'actual_estimator__min_child_samples': 31, 'actual_estimator__learning_rate': 0.2, 'actual_estimator__feature_fraction': 0.9, 'actual_estimator__bagging_freq': 4, 'actual_estimator__bagging_fraction': 0.9}
2021-05-10 22:09:47,291:INFO:Hyperparameter search completed
2021-05-10 22:09:47,292:INFO:SubProcess create_model() called ==================================
2021-05-10 22:09:47,293:INFO:Initializing create_model()
2021-05-10 22:09:47,293:INFO:create_model(estimator=LGBMClassifier(bagging_fraction=0.5, bagging_freq=2, boosting_type='gbdt',
               class_weight=None, colsample_bytree=1.0, feature_fraction=0.5,
               importance_type='split', learning_rate=0.001, max_depth=-1,
               min_child_samples=1, min_child_weight=0.001, min_split_gain=0.1,
               n_estimators=110, n_jobs=-1, num_leaves=60, objective=None,
               random_state=4673, reg_alpha=0.001, reg_lambda=0.1, silent=True,
               subsample=1.0, subsample_for_bin=200000, subsample_freq=0), fold=StratifiedKFold(n_splits=5, random_state=None, shuffle=False), round=4, cross_validation=True, predict=True, fit_kwargs={}, groups=None, refit=True, verbose=True, system=False, metrics=None, display=<pycaret.internal.Display.Display object at 0x7fd5dd910490>, kwargs={'reg_lambda': 0.3, 'reg_alpha': 0.05, 'num_leaves': 60, 'n_estimators': 210, 'min_split_gain': 0.6, 'min_child_samples': 31, 'learning_rate': 0.2, 'feature_fraction': 0.9, 'bagging_freq': 4, 'bagging_fraction': 0.9})
2021-05-10 22:09:47,293:INFO:Checking exceptions
2021-05-10 22:09:47,294:INFO:Importing libraries
2021-05-10 22:09:47,294:INFO:Copying training dataset
2021-05-10 22:09:47,296:INFO:Defining folds
2021-05-10 22:09:47,297:INFO:Declaring metric variables
2021-05-10 22:09:47,309:INFO:Importing untrained model
2021-05-10 22:09:47,310:INFO:Declaring custom model
2021-05-10 22:09:47,323:INFO:Light Gradient Boosting Machine Imported succesfully
2021-05-10 22:09:47,351:INFO:Starting cross validation
2021-05-10 22:09:47,352:INFO:Cross validating with StratifiedKFold(n_splits=5, random_state=None, shuffle=False), n_jobs=-1
2021-05-10 22:09:47,451:INFO:Calculating mean and std
2021-05-10 22:09:47,453:INFO:Creating metrics dataframe
2021-05-10 22:09:47,472:INFO:Finalizing model
2021-05-10 22:09:48,239:INFO:Uploading results into container
2021-05-10 22:09:48,240:INFO:Uploading model into container now
2021-05-10 22:09:48,240:INFO:create_model_container: 20
2021-05-10 22:09:48,240:INFO:master_model_container: 20
2021-05-10 22:09:48,241:INFO:display_container: 9
2021-05-10 22:09:48,242:INFO:LGBMClassifier(bagging_fraction=0.9, bagging_freq=4, boosting_type='gbdt',
               class_weight=None, colsample_bytree=1.0, feature_fraction=0.9,
               importance_type='split', learning_rate=0.2, max_depth=-1,
               min_child_samples=31, min_child_weight=0.001, min_split_gain=0.6,
               n_estimators=210, n_jobs=-1, num_leaves=60, objective=None,
               random_state=4673, reg_alpha=0.05, reg_lambda=0.3, silent=True,
               subsample=1.0, subsample_for_bin=200000, subsample_freq=0)
2021-05-10 22:09:48,242:INFO:create_model() succesfully completed......................................
2021-05-10 22:09:48,321:INFO:SubProcess create_model() end ==================================
2021-05-10 22:09:48,346:INFO:create_model_container: 20
2021-05-10 22:09:48,347:INFO:master_model_container: 20
2021-05-10 22:09:48,347:INFO:display_container: 9
2021-05-10 22:09:48,349:INFO:LGBMClassifier(bagging_fraction=0.9, bagging_freq=4, boosting_type='gbdt',
               class_weight=None, colsample_bytree=1.0, feature_fraction=0.9,
               importance_type='split', learning_rate=0.2, max_depth=-1,
               min_child_samples=31, min_child_weight=0.001, min_split_gain=0.6,
               n_estimators=210, n_jobs=-1, num_leaves=60, objective=None,
               random_state=4673, reg_alpha=0.05, reg_lambda=0.3, silent=True,
               subsample=1.0, subsample_for_bin=200000, subsample_freq=0)
2021-05-10 22:09:48,350:INFO:tune_model() succesfully completed......................................
2021-05-10 22:09:50,167:INFO:Initializing plot_model()
2021-05-10 22:09:50,167:INFO:plot_model(plot=confusion_matrix, fold=None, use_train_data=False, verbose=True, is_in_evaluate=False, display=None, display_format=None, estimator=LGBMClassifier(bagging_fraction=0.9, bagging_freq=4, boosting_type='gbdt',
               class_weight=None, colsample_bytree=1.0, feature_fraction=0.9,
               importance_type='split', learning_rate=0.2, max_depth=-1,
               min_child_samples=31, min_child_weight=0.001, min_split_gain=0.6,
               n_estimators=210, n_jobs=-1, num_leaves=60, objective=None,
               random_state=4673, reg_alpha=0.05, reg_lambda=0.3, silent=True,
               subsample=1.0, subsample_for_bin=200000, subsample_freq=0), feature_name=None, fit_kwargs=None, groups=None, label=False, save=False, scale=1, system=True)
2021-05-10 22:09:50,168:INFO:Checking exceptions
2021-05-10 22:09:50,169:INFO:Preparing display monitor
2021-05-10 22:09:50,178:INFO:Preloading libraries
2021-05-10 22:09:50,193:INFO:Copying training dataset
2021-05-10 22:09:50,194:INFO:Copying test dataset
2021-05-10 22:09:50,194:INFO:Plot type: confusion_matrix
2021-05-10 22:09:50,197:INFO:Fitting Model
2021-05-10 22:09:50,199:INFO:Scoring test/hold-out set
2021-05-10 22:09:50,423:INFO:Visual Rendered Successfully
2021-05-10 22:09:50,507:INFO:plot_model() succesfully completed......................................
2021-05-10 22:10:32,050:INFO:Initializing plot_model()
2021-05-10 22:10:32,051:INFO:plot_model(plot=learning, fold=None, use_train_data=False, verbose=True, is_in_evaluate=False, display=None, display_format=None, estimator=LGBMClassifier(bagging_fraction=0.9, bagging_freq=4, boosting_type='gbdt',
               class_weight=None, colsample_bytree=1.0, feature_fraction=0.9,
               importance_type='split', learning_rate=0.2, max_depth=-1,
               min_child_samples=31, min_child_weight=0.001, min_split_gain=0.6,
               n_estimators=210, n_jobs=-1, num_leaves=60, objective=None,
               random_state=4673, reg_alpha=0.05, reg_lambda=0.3, silent=True,
               subsample=1.0, subsample_for_bin=200000, subsample_freq=0), feature_name=None, fit_kwargs=None, groups=None, label=False, save=False, scale=1, system=True)
2021-05-10 22:10:32,052:INFO:Checking exceptions
2021-05-10 22:10:32,053:INFO:Preparing display monitor
2021-05-10 22:10:32,065:INFO:Preloading libraries
2021-05-10 22:10:32,071:INFO:Copying training dataset
2021-05-10 22:10:32,072:INFO:Copying test dataset
2021-05-10 22:10:32,073:INFO:Plot type: learning
2021-05-10 22:10:32,079:INFO:Fitting Model
2021-05-10 22:10:32,980:INFO:Visual Rendered Successfully
2021-05-10 22:10:33,051:INFO:plot_model() succesfully completed......................................
2021-05-10 22:11:00,951:INFO:Initializing plot_model()
2021-05-10 22:11:00,952:INFO:plot_model(plot=cv, fold=None, use_train_data=False, verbose=True, is_in_evaluate=False, display=None, display_format=None, estimator=LGBMClassifier(bagging_fraction=0.9, bagging_freq=4, boosting_type='gbdt',
               class_weight=None, colsample_bytree=1.0, feature_fraction=0.9,
               importance_type='split', learning_rate=0.2, max_depth=-1,
               min_child_samples=31, min_child_weight=0.001, min_split_gain=0.6,
               n_estimators=210, n_jobs=-1, num_leaves=60, objective=None,
               random_state=4673, reg_alpha=0.05, reg_lambda=0.3, silent=True,
               subsample=1.0, subsample_for_bin=200000, subsample_freq=0), feature_name=None, fit_kwargs=None, groups=None, label=False, save=False, scale=1, system=True)
2021-05-10 22:11:00,953:INFO:Checking exceptions
2021-05-10 22:11:04,684:INFO:Initializing plot_model()
2021-05-10 22:11:04,684:INFO:plot_model(plot=vc, fold=None, use_train_data=False, verbose=True, is_in_evaluate=False, display=None, display_format=None, estimator=LGBMClassifier(bagging_fraction=0.9, bagging_freq=4, boosting_type='gbdt',
               class_weight=None, colsample_bytree=1.0, feature_fraction=0.9,
               importance_type='split', learning_rate=0.2, max_depth=-1,
               min_child_samples=31, min_child_weight=0.001, min_split_gain=0.6,
               n_estimators=210, n_jobs=-1, num_leaves=60, objective=None,
               random_state=4673, reg_alpha=0.05, reg_lambda=0.3, silent=True,
               subsample=1.0, subsample_for_bin=200000, subsample_freq=0), feature_name=None, fit_kwargs=None, groups=None, label=False, save=False, scale=1, system=True)
2021-05-10 22:11:04,685:INFO:Checking exceptions
2021-05-10 22:11:04,686:INFO:Preparing display monitor
2021-05-10 22:11:04,696:INFO:Preloading libraries
2021-05-10 22:11:04,703:INFO:Copying training dataset
2021-05-10 22:11:04,704:INFO:Copying test dataset
2021-05-10 22:11:04,705:INFO:Plot type: vc
2021-05-10 22:11:04,707:INFO:Determining param_name
2021-05-10 22:11:04,707:INFO:param_name: actual_estimator__max_depth
2021-05-10 22:11:04,709:INFO:Fitting Model
2021-05-10 22:11:05,680:INFO:Visual Rendered Successfully
2021-05-10 22:11:05,753:INFO:plot_model() succesfully completed......................................
2021-05-10 22:12:52,949:INFO:Initializing plot_model()
2021-05-10 22:12:52,949:INFO:plot_model(plot=feature_all, fold=None, use_train_data=False, verbose=True, is_in_evaluate=False, display=None, display_format=None, estimator=LGBMClassifier(bagging_fraction=0.9, bagging_freq=4, boosting_type='gbdt',
               class_weight=None, colsample_bytree=1.0, feature_fraction=0.9,
               importance_type='split', learning_rate=0.2, max_depth=-1,
               min_child_samples=31, min_child_weight=0.001, min_split_gain=0.6,
               n_estimators=210, n_jobs=-1, num_leaves=60, objective=None,
               random_state=4673, reg_alpha=0.05, reg_lambda=0.3, silent=True,
               subsample=1.0, subsample_for_bin=200000, subsample_freq=0), feature_name=None, fit_kwargs=None, groups=None, label=False, save=False, scale=1, system=True)
2021-05-10 22:12:52,950:INFO:Checking exceptions
2021-05-10 22:12:52,951:INFO:Preparing display monitor
2021-05-10 22:12:52,964:INFO:Preloading libraries
2021-05-10 22:12:52,977:INFO:Copying training dataset
2021-05-10 22:12:52,978:INFO:Copying test dataset
2021-05-10 22:12:52,978:INFO:Plot type: feature_all
2021-05-10 22:12:52,981:WARNING:No coef_ found. Trying feature_importances_
2021-05-10 22:12:53,413:INFO:Visual Rendered Successfully
2021-05-10 22:12:53,489:INFO:plot_model() succesfully completed......................................
2021-05-10 22:13:01,213:INFO:Initializing plot_model()
2021-05-10 22:13:01,214:INFO:plot_model(plot=feature_all, fold=None, use_train_data=False, verbose=True, is_in_evaluate=False, display=None, display_format=None, estimator=LGBMClassifier(bagging_fraction=0.9, bagging_freq=4, boosting_type='gbdt',
               class_weight=None, colsample_bytree=1.0, feature_fraction=0.9,
               importance_type='split', learning_rate=0.2, max_depth=-1,
               min_child_samples=31, min_child_weight=0.001, min_split_gain=0.6,
               n_estimators=210, n_jobs=-1, num_leaves=60, objective=None,
               random_state=4673, reg_alpha=0.05, reg_lambda=0.3, silent=True,
               subsample=1.0, subsample_for_bin=200000, subsample_freq=0), feature_name=None, fit_kwargs=None, groups=None, label=False, save=False, scale=1, system=True)
2021-05-10 22:13:01,215:INFO:Checking exceptions
2021-05-10 22:13:01,216:INFO:Preparing display monitor
2021-05-10 22:13:01,225:INFO:Preloading libraries
2021-05-10 22:13:01,238:INFO:Copying training dataset
2021-05-10 22:13:01,238:INFO:Copying test dataset
2021-05-10 22:13:01,239:INFO:Plot type: feature_all
2021-05-10 22:13:01,241:WARNING:No coef_ found. Trying feature_importances_
2021-05-10 22:13:01,605:INFO:Visual Rendered Successfully
2021-05-10 22:13:01,683:INFO:plot_model() succesfully completed......................................
2021-05-10 22:13:08,240:INFO:Initializing plot_model()
2021-05-10 22:13:08,241:INFO:plot_model(plot=feature_all, fold=None, use_train_data=False, verbose=True, is_in_evaluate=False, display=None, display_format=None, estimator=LGBMClassifier(bagging_fraction=0.9, bagging_freq=4, boosting_type='gbdt',
               class_weight=None, colsample_bytree=1.0, feature_fraction=0.9,
               importance_type='split', learning_rate=0.2, max_depth=-1,
               min_child_samples=31, min_child_weight=0.001, min_split_gain=0.6,
               n_estimators=210, n_jobs=-1, num_leaves=60, objective=None,
               random_state=4673, reg_alpha=0.05, reg_lambda=0.3, silent=True,
               subsample=1.0, subsample_for_bin=200000, subsample_freq=0), feature_name=None, fit_kwargs=None, groups=None, label=False, save=False, scale=1, system=True)
2021-05-10 22:13:08,241:INFO:Checking exceptions
2021-05-10 22:13:08,243:INFO:Preparing display monitor
2021-05-10 22:13:08,252:INFO:Preloading libraries
2021-05-10 22:13:08,267:INFO:Copying training dataset
2021-05-10 22:13:08,268:INFO:Copying test dataset
2021-05-10 22:13:08,268:INFO:Plot type: feature_all
2021-05-10 22:13:08,270:WARNING:No coef_ found. Trying feature_importances_
2021-05-10 22:13:08,651:INFO:Visual Rendered Successfully
2021-05-10 22:13:08,727:INFO:plot_model() succesfully completed......................................
2021-05-10 22:13:37,821:INFO:Initializing plot_model()
2021-05-10 22:13:37,821:INFO:plot_model(plot=boundary, fold=None, use_train_data=False, verbose=True, is_in_evaluate=False, display=None, display_format=None, estimator=LGBMClassifier(bagging_fraction=0.9, bagging_freq=4, boosting_type='gbdt',
               class_weight=None, colsample_bytree=1.0, feature_fraction=0.9,
               importance_type='split', learning_rate=0.2, max_depth=-1,
               min_child_samples=31, min_child_weight=0.001, min_split_gain=0.6,
               n_estimators=210, n_jobs=-1, num_leaves=60, objective=None,
               random_state=4673, reg_alpha=0.05, reg_lambda=0.3, silent=True,
               subsample=1.0, subsample_for_bin=200000, subsample_freq=0), feature_name=None, fit_kwargs=None, groups=None, label=False, save=False, scale=1, system=True)
2021-05-10 22:13:37,822:INFO:Checking exceptions
2021-05-10 22:13:37,823:INFO:Preparing display monitor
2021-05-10 22:13:37,836:INFO:Preloading libraries
2021-05-10 22:13:37,842:INFO:Copying training dataset
2021-05-10 22:13:37,844:INFO:Copying test dataset
2021-05-10 22:13:37,845:INFO:Plot type: boundary
2021-05-10 22:13:37,852:INFO:Fitting StandardScaler()
2021-05-10 22:13:37,861:INFO:Fitting PCA()
2021-05-10 22:13:37,986:INFO:Fitting Model
2021-05-10 22:13:40,232:INFO:Visual Rendered Successfully
2021-05-10 22:13:40,375:INFO:plot_model() succesfully completed......................................
2021-05-10 22:16:10,845:INFO:Initializing blend_models()
2021-05-10 22:16:10,845:INFO:blend_models(estimator_list=[RidgeClassifier(alpha=1.0, class_weight=None, copy_X=True, fit_intercept=True,
                max_iter=None, normalize=False, random_state=4673,
                solver='auto', tol=0.001), LinearDiscriminantAnalysis(n_components=None, priors=None, shrinkage=None,
                           solver='svd', store_covariance=False, tol=0.0001), RandomForestClassifier(bootstrap=True, ccp_alpha=0.0, class_weight=None,
                       criterion='gini', max_depth=None, max_features='auto',
                       max_leaf_nodes=None, max_samples=None,
                       min_impurity_decrease=0.0, min_impurity_split=None,
                       min_samples_leaf=1, min_samples_split=2,
                       min_weight_fraction_leaf=0.0, n_estimators=100,
                       n_jobs=-1, oob_score=False, random_state=4673, verbose=0,
                       warm_start=False)], fold=5, round=4, choose_better=False, optimize=Accuracy, method=soft, weights=None, fit_kwargs=None, groups=None, verbose=True, display=None)
2021-05-10 22:16:10,846:INFO:Checking exceptions
2021-05-10 22:16:47,013:INFO:Initializing create_model()
2021-05-10 22:16:47,014:INFO:create_model(estimator=lightgbm, fold=None, round=4, cross_validation=True, predict=True, fit_kwargs=None, groups=None, refit=True, verbose=True, system=True, metrics=None, display=None, kwargs={})
2021-05-10 22:16:47,014:INFO:Checking exceptions
2021-05-10 22:16:47,015:INFO:Preparing display monitor
2021-05-10 22:16:47,040:INFO:Importing libraries
2021-05-10 22:16:47,041:INFO:Copying training dataset
2021-05-10 22:16:47,042:INFO:Defining folds
2021-05-10 22:16:47,042:INFO:Declaring metric variables
2021-05-10 22:16:47,052:INFO:Importing untrained model
2021-05-10 22:16:47,063:INFO:Light Gradient Boosting Machine Imported succesfully
2021-05-10 22:16:47,087:INFO:Starting cross validation
2021-05-10 22:16:47,088:INFO:Cross validating with StratifiedKFold(n_splits=5, random_state=None, shuffle=False), n_jobs=-1
2021-05-10 22:16:49,917:INFO:Calculating mean and std
2021-05-10 22:16:49,920:INFO:Creating metrics dataframe
2021-05-10 22:16:49,947:INFO:Finalizing model
2021-05-10 22:16:50,482:INFO:Uploading results into container
2021-05-10 22:16:50,482:INFO:Uploading model into container now
2021-05-10 22:16:50,501:INFO:create_model_container: 21
2021-05-10 22:16:50,502:INFO:master_model_container: 21
2021-05-10 22:16:50,502:INFO:display_container: 10
2021-05-10 22:16:50,503:INFO:LGBMClassifier(boosting_type='gbdt', class_weight=None, colsample_bytree=1.0,
               importance_type='split', learning_rate=0.1, max_depth=-1,
               min_child_samples=20, min_child_weight=0.001, min_split_gain=0.0,
               n_estimators=100, n_jobs=-1, num_leaves=31, objective=None,
               random_state=4673, reg_alpha=0.0, reg_lambda=0.0, silent=True,
               subsample=1.0, subsample_for_bin=200000, subsample_freq=0)
2021-05-10 22:16:50,503:INFO:create_model() succesfully completed......................................
2021-05-10 22:16:50,584:INFO:Initializing create_model()
2021-05-10 22:16:50,584:INFO:create_model(estimator=catboost, fold=None, round=4, cross_validation=True, predict=True, fit_kwargs=None, groups=None, refit=True, verbose=True, system=True, metrics=None, display=None, kwargs={})
2021-05-10 22:16:50,585:INFO:Checking exceptions
2021-05-11 06:20:11,738:INFO:Initializing finalize_model()
2021-05-11 06:20:11,739:INFO:finalize_model(estimator=LGBMClassifier(boosting_type='gbdt', class_weight=None, colsample_bytree=1.0,
               importance_type='split', learning_rate=0.1, max_depth=-1,
               min_child_samples=20, min_child_weight=0.001, min_split_gain=0.0,
               n_estimators=100, n_jobs=-1, num_leaves=31, objective=None,
               random_state=4673, reg_alpha=0.0, reg_lambda=0.0, silent=True,
               subsample=1.0, subsample_for_bin=200000, subsample_freq=0), fit_kwargs=None, groups=None, model_only=True, display=None)
2021-05-11 06:20:11,740:INFO:Finalizing LGBMClassifier(boosting_type='gbdt', class_weight=None, colsample_bytree=1.0,
               importance_type='split', learning_rate=0.1, max_depth=-1,
               min_child_samples=20, min_child_weight=0.001, min_split_gain=0.0,
               n_estimators=100, n_jobs=-1, num_leaves=31, objective=None,
               random_state=4673, reg_alpha=0.0, reg_lambda=0.0, silent=True,
               subsample=1.0, subsample_for_bin=200000, subsample_freq=0)
2021-05-11 06:20:11,741:INFO:Initializing create_model()
2021-05-11 06:20:11,741:INFO:create_model(estimator=LGBMClassifier(boosting_type='gbdt', class_weight=None, colsample_bytree=1.0,
               importance_type='split', learning_rate=0.1, max_depth=-1,
               min_child_samples=20, min_child_weight=0.001, min_split_gain=0.0,
               n_estimators=100, n_jobs=-1, num_leaves=31, objective=None,
               random_state=4673, reg_alpha=0.0, reg_lambda=0.0, silent=True,
               subsample=1.0, subsample_for_bin=200000, subsample_freq=0), fold=None, round=4, cross_validation=True, predict=True, fit_kwargs={}, groups=None, refit=True, verbose=False, system=False, metrics=None, display=None, kwargs={})
2021-05-11 06:20:11,741:INFO:Checking exceptions
2021-05-11 06:20:11,742:INFO:Importing libraries
2021-05-11 06:20:11,742:INFO:Copying training dataset
2021-05-11 06:20:11,743:INFO:Defining folds
2021-05-11 06:20:11,743:INFO:Declaring metric variables
2021-05-11 06:20:11,743:INFO:Importing untrained model
2021-05-11 06:20:11,744:INFO:Declaring custom model
2021-05-11 06:20:11,745:INFO:Light Gradient Boosting Machine Imported succesfully
2021-05-11 06:20:11,746:INFO:Starting cross validation
2021-05-11 06:20:11,747:INFO:Cross validating with StratifiedKFold(n_splits=5, random_state=None, shuffle=False), n_jobs=-1
2021-05-11 06:20:14,798:INFO:Calculating mean and std
2021-05-11 06:20:14,799:INFO:Creating metrics dataframe
2021-05-11 06:20:14,808:INFO:Finalizing model
2021-05-11 06:20:15,101:INFO:Uploading results into container
2021-05-11 06:20:15,101:INFO:Uploading model into container now
2021-05-11 06:20:15,102:INFO:create_model_container: 22
2021-05-11 06:20:15,102:INFO:master_model_container: 22
2021-05-11 06:20:15,102:INFO:display_container: 11
2021-05-11 06:20:15,103:INFO:LGBMClassifier(boosting_type='gbdt', class_weight=None, colsample_bytree=1.0,
               importance_type='split', learning_rate=0.1, max_depth=-1,
               min_child_samples=20, min_child_weight=0.001, min_split_gain=0.0,
               n_estimators=100, n_jobs=-1, num_leaves=31, objective=None,
               random_state=4673, reg_alpha=0.0, reg_lambda=0.0, silent=True,
               subsample=1.0, subsample_for_bin=200000, subsample_freq=0)
2021-05-11 06:20:15,103:INFO:create_model() succesfully completed......................................
2021-05-11 06:20:15,193:INFO:create_model_container: 22
2021-05-11 06:20:15,194:INFO:master_model_container: 22
2021-05-11 06:20:15,194:INFO:display_container: 10
2021-05-11 06:20:15,195:INFO:LGBMClassifier(boosting_type='gbdt', class_weight=None, colsample_bytree=1.0,
               importance_type='split', learning_rate=0.1, max_depth=-1,
               min_child_samples=20, min_child_weight=0.001, min_split_gain=0.0,
               n_estimators=100, n_jobs=-1, num_leaves=31, objective=None,
               random_state=4673, reg_alpha=0.0, reg_lambda=0.0, silent=True,
               subsample=1.0, subsample_for_bin=200000, subsample_freq=0)
2021-05-11 06:20:15,196:INFO:finalize_model() succesfully completed......................................
2021-05-11 06:20:34,419:INFO:Initializing predict_model()
2021-05-11 06:20:34,420:INFO:predict_model(estimator=LGBMClassifier(boosting_type='gbdt', class_weight=None, colsample_bytree=1.0,
               importance_type='split', learning_rate=0.1, max_depth=-1,
               min_child_samples=20, min_child_weight=0.001, min_split_gain=0.0,
               n_estimators=100, n_jobs=-1, num_leaves=31, objective=None,
               random_state=4673, reg_alpha=0.0, reg_lambda=0.0, silent=True,
               subsample=1.0, subsample_for_bin=200000, subsample_freq=0), probability_threshold=None, encoded_labels=False, raw_score=False, round=4, verbose=True, ml_usecase=MLUsecase.CLASSIFICATION, display=None)
2021-05-11 06:20:34,420:INFO:Checking exceptions
2021-05-11 06:20:34,421:INFO:Preloading libraries
2021-05-11 06:20:34,421:INFO:Preparing display monitor
